2025-04-08 15:31:50,660 - ERROR - main.<module> - DB connection failed on startup: 1044 (42000): Access denied for user 'insta'@'%' to database 'cs432cism'
2025-04-08 15:31:50,680 - INFO - _internal._log - [31m[1mWARNING: This is a development server. Do not use it in a production deployment. Use a production WSGI server instead.[0m
 * Running on http://127.0.0.1:5000
2025-04-08 15:31:50,680 - INFO - _internal._log - [33mPress CTRL+C to quit[0m
2025-04-08 15:31:50,681 - INFO - _internal._log -  * Restarting with stat
2025-04-08 15:31:50,954 - ERROR - main.<module> - DB connection failed on startup: 1044 (42000): Access denied for user 'insta'@'%' to database 'cs432cism'
2025-04-08 15:31:50,972 - WARNING - _internal._log -  * Debugger is active!
2025-04-08 15:31:50,975 - INFO - _internal._log -  * Debugger PIN: 142-372-511
2025-04-08 15:34:29,800 - INFO - _internal._log -  * Detected change in 'C:\\Users\\raman\\Downloads\\dlp_project (1)\\module3-project\\main.py', reloading
2025-04-08 15:34:29,832 - INFO - _internal._log -  * Restarting with stat
2025-04-08 15:34:30,103 - ERROR - DB connection failed on startup: 1044 (42000): Access denied for user 'insta'@'%' to database 'cs432cism'
2025-04-08 15:34:30,103 - WARNING -  * Debugger is active!
2025-04-08 15:34:30,103 - INFO -  * Debugger PIN: 142-372-511
2025-04-08 15:36:12,687 - INFO -  * Detected change in 'C:\\Users\\raman\\Downloads\\dlp_project (1)\\module3-project\\main.py', reloading
2025-04-08 15:36:12,718 - INFO - _internal._log -  * Restarting with stat
2025-04-08 15:36:13,008 - INFO - Connected to database: cs432cims
2025-04-08 15:36:13,016 - WARNING -  * Debugger is active!
2025-04-08 15:36:13,016 - INFO -  * Debugger PIN: 142-372-511
2025-04-08 15:36:50,234 - INFO -  * Detected change in 'C:\\Users\\raman\\Downloads\\dlp_project (1)\\module3-project\\main.py', reloading
2025-04-08 15:36:50,263 - INFO - _internal._log -  * Restarting with stat
2025-04-08 15:36:50,535 - INFO - Connected to database: cs432cims
2025-04-08 15:36:50,541 - WARNING -  * Debugger is active!
2025-04-08 15:36:50,541 - INFO -  * Debugger PIN: 142-372-511
2025-04-08 15:36:58,107 - INFO - 127.0.0.1 - - [08/Apr/2025 15:36:58] "[31m[1mGET /addUser HTTP/1.1[0m" 405 -
2025-04-08 15:37:04,863 - INFO - 127.0.0.1 - - [08/Apr/2025 15:37:04] "[35m[1mPOST /addUser HTTP/1.1[0m" 500 -
2025-04-08 15:37:57,899 - INFO -  * Detected change in 'C:\\Users\\raman\\Downloads\\dlp_project (1)\\module3-project\\main.py', reloading
2025-04-08 15:37:57,923 - INFO - _internal._log -  * Restarting with stat
2025-04-08 15:37:58,245 - INFO - Connected to database: cs432cims
2025-04-08 15:37:58,245 - WARNING -  * Debugger is active!
2025-04-08 15:37:58,245 - INFO -  * Debugger PIN: 142-372-511
2025-04-08 15:38:04,941 - INFO - Connected to database: cs432cims
2025-04-08 15:38:04,959 - INFO - [31m[1mWARNING: This is a development server. Do not use it in a production deployment. Use a production WSGI server instead.[0m
 * Running on http://127.0.0.1:5000
2025-04-08 15:38:04,959 - INFO - [33mPress CTRL+C to quit[0m
2025-04-08 15:38:04,960 - INFO -  * Restarting with stat
2025-04-08 15:38:05,224 - INFO - Connected to database: cs432cims
2025-04-08 15:38:05,224 - WARNING -  * Debugger is active!
2025-04-08 15:38:05,224 - INFO -  * Debugger PIN: 142-372-511
2025-04-08 15:38:09,962 - INFO - 127.0.0.1 - - [08/Apr/2025 15:38:09] "[35m[1mPOST /addUser HTTP/1.1[0m" 500 -
2025-04-08 15:38:40,422 - INFO -  * Detected change in 'C:\\Users\\raman\\Downloads\\dlp_project (1)\\module3-project\\AddUser.py', reloading
2025-04-08 15:38:40,457 - INFO -  * Restarting with stat
2025-04-08 15:38:40,747 - INFO - Connected to database: cs432cims
2025-04-08 15:38:40,762 - WARNING -  * Debugger is active!
2025-04-08 15:38:40,765 - INFO -  * Debugger PIN: 142-372-511
2025-04-08 15:38:42,779 - INFO -  * Detected change in 'C:\\Users\\raman\\Downloads\\dlp_project (1)\\module3-project\\main.py', reloading
2025-04-08 15:38:42,810 - INFO -  * Restarting with stat
2025-04-08 15:38:43,084 - INFO - Connected to database: cs432cims
2025-04-08 15:38:43,091 - WARNING -  * Debugger is active!
2025-04-08 15:38:43,093 - INFO -  * Debugger PIN: 142-372-511
2025-04-08 15:39:01,261 - ERROR - MySQL Error: 1146 (42S02): Table 'cs432cims.Members' doesn't exist
2025-04-08 15:39:01,261 - INFO - 127.0.0.1 - - [08/Apr/2025 15:39:01] "[31m[1mPOST /addUser HTTP/1.1[0m" 400 -
2025-04-08 15:42:49,575 - INFO -  * Detected change in 'C:\\Users\\raman\\Downloads\\dlp_project (1)\\module3-project\\AddUser.py', reloading
2025-04-08 15:42:49,612 - INFO -  * Restarting with stat
2025-04-08 15:42:49,900 - INFO - Connected to database: cs432cims
2025-04-08 15:42:49,911 - WARNING -  * Debugger is active!
2025-04-08 15:42:49,913 - INFO -  * Debugger PIN: 142-372-511
2025-04-08 15:42:53,047 - ERROR - MySQL Error: 1054 (42S22): Unknown column 'self.DoB' in 'field list'
2025-04-08 15:42:53,047 - INFO - 127.0.0.1 - - [08/Apr/2025 15:42:53] "[31m[1mPOST /addUser HTTP/1.1[0m" 400 -
2025-04-08 15:43:01,976 - INFO -  * Detected change in 'C:\\Users\\raman\\Downloads\\dlp_project (1)\\module3-project\\AddUser.py', reloading
2025-04-08 15:43:02,008 - INFO -  * Restarting with stat
2025-04-08 15:43:02,357 - INFO - Connected to database: cs432cims
2025-04-08 15:43:02,370 - WARNING -  * Debugger is active!
2025-04-08 15:43:02,373 - INFO -  * Debugger PIN: 142-372-511
2025-04-08 15:43:03,142 - INFO - 127.0.0.1 - - [08/Apr/2025 15:43:03] "[35m[1mPOST /addUser HTTP/1.1[0m" 500 -
2025-04-08 15:43:38,543 - INFO -  * Detected change in 'C:\\Users\\raman\\Downloads\\dlp_project (1)\\module3-project\\AddUser.py', reloading
2025-04-08 15:43:38,585 - INFO -  * Restarting with stat
2025-04-08 15:43:38,913 - INFO - Connected to database: cs432cims
2025-04-08 15:43:38,923 - WARNING -  * Debugger is active!
2025-04-08 15:43:38,925 - INFO -  * Debugger PIN: 142-372-511
2025-04-08 15:43:42,883 - INFO - 127.0.0.1 - - [08/Apr/2025 15:43:42] "[35m[1mPOST /addUser HTTP/1.1[0m" 500 -
2025-04-08 15:44:51,328 - INFO -  * Detected change in 'C:\\Users\\raman\\Downloads\\dlp_project (1)\\module3-project\\AddUser.py', reloading
2025-04-08 15:44:51,359 - INFO -  * Restarting with stat
2025-04-08 15:44:51,640 - INFO - Connected to database: cs432cims
2025-04-08 15:44:51,657 - WARNING -  * Debugger is active!
2025-04-08 15:44:51,657 - INFO -  * Debugger PIN: 142-372-511
2025-04-08 15:44:59,336 - INFO - 127.0.0.1 - - [08/Apr/2025 15:44:59] "[35m[1mPOST /addUser HTTP/1.1[0m" 500 -
2025-04-08 15:47:54,720 - INFO - 127.0.0.1 - - [08/Apr/2025 15:47:54] "[31m[1mPOST /addUser HTTP/1.1[0m" 415 -
2025-04-08 15:48:14,768 - INFO - 127.0.0.1 - - [08/Apr/2025 15:48:14] "[31m[1mPOST /addUser HTTP/1.1[0m" 415 -
2025-04-08 15:48:33,641 - INFO - 127.0.0.1 - - [08/Apr/2025 15:48:33] "[31m[1mPOST /addUser HTTP/1.1[0m" 415 -
2025-04-08 15:49:08,752 - INFO - 127.0.0.1 - - [08/Apr/2025 15:49:08] "[31m[1mPOST /addUser HTTP/1.1[0m" 415 -
2025-04-08 15:50:22,090 - INFO - 127.0.0.1 - - [08/Apr/2025 15:50:22] "[31m[1mPOST /addUser HTTP/1.1[0m" 415 -
2025-04-08 15:50:53,342 - INFO - 127.0.0.1 - - [08/Apr/2025 15:50:53] "[31m[1mPOST /addUser HTTP/1.1[0m" 415 -
2025-04-08 15:51:02,158 - INFO - 127.0.0.1 - - [08/Apr/2025 15:51:02] "[31m[1mPOST /addUser HTTP/1.1[0m" 415 -
2025-04-08 15:51:27,529 - INFO - 127.0.0.1 - - [08/Apr/2025 15:51:27] "[31m[1mPOST /addUser HTTP/1.1[0m" 415 -
2025-04-08 15:57:26,187 - INFO -  * Detected change in 'C:\\Users\\raman\\Downloads\\dlp_project (1)\\module3-project\\AddUser.py', reloading
2025-04-08 15:57:26,211 - INFO -  * Restarting with stat
2025-04-08 15:57:26,529 - INFO - Connected to database: cs432cims
2025-04-08 15:57:26,544 - WARNING -  * Debugger is active!
2025-04-08 15:57:26,544 - INFO -  * Debugger PIN: 142-372-511
2025-04-08 16:14:59,884 - INFO - 127.0.0.1 - - [08/Apr/2025 16:14:59] "POST /addUser HTTP/1.1" 200 -
2025-04-08 16:24:39,491 - INFO -  * Detected change in 'C:\\Users\\raman\\Downloads\\dlp_project (1)\\module3-project\\AddUser.py', reloading
2025-04-08 16:24:39,522 - INFO -  * Restarting with stat
2025-04-08 16:24:39,831 - INFO - Connected to database: cs432cims
2025-04-08 16:24:39,838 - WARNING -  * Debugger is active!
2025-04-08 16:24:39,840 - INFO -  * Debugger PIN: 142-372-511
2025-04-08 16:24:52,982 - ERROR - Error adding user to login table: 'AddUser' object has no attribute 'member_id'
2025-04-08 16:24:52,983 - INFO - 127.0.0.1 - - [08/Apr/2025 16:24:52] "[35m[1mPOST /addUser HTTP/1.1[0m" 500 -
2025-04-08 16:25:08,028 - INFO -  * Detected change in 'C:\\Users\\raman\\Downloads\\dlp_project (1)\\module3-project\\AddUser.py', reloading
2025-04-08 16:25:08,059 - INFO -  * Restarting with stat
2025-04-08 16:25:08,375 - INFO - Connected to database: cs432cims
2025-04-08 16:25:08,377 - WARNING -  * Debugger is active!
2025-04-08 16:25:08,377 - INFO -  * Debugger PIN: 142-372-511
2025-04-08 16:25:13,319 - ERROR - Error adding user to login table: 'AddUser' object has no attribute 'member_id'
2025-04-08 16:25:13,319 - INFO - 127.0.0.1 - - [08/Apr/2025 16:25:13] "[35m[1mPOST /addUser HTTP/1.1[0m" 500 -
2025-04-08 16:25:53,626 - INFO -  * Detected change in 'C:\\Users\\raman\\Downloads\\dlp_project (1)\\module3-project\\AddUser.py', reloading
2025-04-08 16:25:53,662 - INFO -  * Restarting with stat
2025-04-08 16:25:53,966 - INFO - Connected to database: cs432cims
2025-04-08 16:25:53,974 - WARNING -  * Debugger is active!
2025-04-08 16:25:53,977 - INFO -  * Debugger PIN: 142-372-511
2025-04-08 16:25:54,741 - ERROR - Error adding user to login table: 'AddUser' object has no attribute 'hashlib'
2025-04-08 16:25:54,742 - INFO - 127.0.0.1 - - [08/Apr/2025 16:25:54] "[35m[1mPOST /addUser HTTP/1.1[0m" 500 -
2025-04-08 16:26:14,087 - INFO -  * Detected change in 'C:\\Users\\raman\\Downloads\\dlp_project (1)\\module3-project\\AddUser.py', reloading
2025-04-08 16:26:14,120 - INFO -  * Restarting with stat
2025-04-08 16:26:14,430 - INFO - Connected to database: cs432cims
2025-04-08 16:26:14,437 - WARNING -  * Debugger is active!
2025-04-08 16:26:14,439 - INFO -  * Debugger PIN: 142-372-511
2025-04-08 16:26:15,572 - ERROR - Error adding user to login table: Strings must be encoded before hashing
2025-04-08 16:26:15,573 - INFO - 127.0.0.1 - - [08/Apr/2025 16:26:15] "[35m[1mPOST /addUser HTTP/1.1[0m" 500 -
2025-04-08 16:26:24,902 - ERROR - Error adding user to login table: Strings must be encoded before hashing
2025-04-08 16:26:24,902 - INFO - 127.0.0.1 - - [08/Apr/2025 16:26:24] "[35m[1mPOST /addUser HTTP/1.1[0m" 500 -
2025-04-08 16:27:44,023 - INFO -  * Detected change in 'C:\\Users\\raman\\Downloads\\dlp_project (1)\\module3-project\\AddUser.py', reloading
2025-04-08 16:27:44,077 - INFO -  * Restarting with stat
2025-04-08 16:28:28,800 - INFO - Connected to database: cs432cims
2025-04-08 16:28:28,816 - INFO - [31m[1mWARNING: This is a development server. Do not use it in a production deployment. Use a production WSGI server instead.[0m
 * Running on http://127.0.0.1:5000
2025-04-08 16:28:28,816 - INFO - [33mPress CTRL+C to quit[0m
2025-04-08 16:28:28,816 - INFO -  * Restarting with stat
2025-04-08 16:28:29,098 - INFO - Connected to database: cs432cims
2025-04-08 16:28:29,106 - WARNING -  * Debugger is active!
2025-04-08 16:28:29,106 - INFO -  * Debugger PIN: 142-372-511
2025-04-08 16:28:32,437 - ERROR - Error adding user to login table: Not all parameters were used in the SQL statement
2025-04-08 16:28:32,437 - INFO - 127.0.0.1 - - [08/Apr/2025 16:28:32] "[35m[1mPOST /addUser HTTP/1.1[0m" 500 -
2025-04-08 16:32:02,506 - INFO -  * Detected change in 'C:\\Users\\raman\\Downloads\\dlp_project (1)\\module3-project\\AddUser.py', reloading
2025-04-08 16:32:02,534 - INFO -  * Restarting with stat
2025-04-08 16:32:02,884 - INFO - Connected to database: cs432cims
2025-04-08 16:32:02,887 - WARNING -  * Debugger is active!
2025-04-08 16:32:02,887 - INFO -  * Debugger PIN: 142-372-511
2025-04-08 16:32:04,733 - ERROR - Error adding user to login table: Not all parameters were used in the SQL statement
2025-04-08 16:32:04,733 - INFO - 127.0.0.1 - - [08/Apr/2025 16:32:04] "[35m[1mPOST /addUser HTTP/1.1[0m" 500 -
2025-04-08 16:32:32,037 - INFO -  * Detected change in 'C:\\Users\\raman\\Downloads\\dlp_project (1)\\module3-project\\AddUser.py', reloading
2025-04-08 16:32:32,072 - INFO -  * Restarting with stat
2025-04-08 16:32:32,434 - INFO - Connected to database: cs432cims
2025-04-08 16:32:32,434 - WARNING -  * Debugger is active!
2025-04-08 16:32:32,451 - INFO -  * Debugger PIN: 142-372-511
2025-04-08 16:32:35,509 - ERROR - Error adding user to login table: 1048 (23000): Column 'MemberID' cannot be null
2025-04-08 16:32:35,509 - INFO - 127.0.0.1 - - [08/Apr/2025 16:32:35] "[35m[1mPOST /addUser HTTP/1.1[0m" 500 -
2025-04-08 16:33:04,621 - INFO -  * Detected change in 'C:\\Users\\raman\\Downloads\\dlp_project (1)\\module3-project\\AddUser.py', reloading
2025-04-08 16:33:04,653 - INFO -  * Restarting with stat
2025-04-08 16:33:04,970 - INFO - Connected to database: cs432cims
2025-04-08 16:33:04,971 - WARNING -  * Debugger is active!
2025-04-08 16:33:04,971 - INFO -  * Debugger PIN: 142-372-511
2025-04-08 16:33:07,145 - ERROR - Error adding user to login table: 1048 (23000): Column 'MemberID' cannot be null
2025-04-08 16:33:07,145 - INFO - 127.0.0.1 - - [08/Apr/2025 16:33:07] "[35m[1mPOST /addUser HTTP/1.1[0m" 500 -
2025-04-08 16:33:34,122 - INFO -  * Detected change in 'C:\\Users\\raman\\Downloads\\dlp_project (1)\\module3-project\\AddUser.py', reloading
2025-04-08 16:33:34,199 - INFO -  * Restarting with stat
2025-04-08 16:33:34,501 - INFO - Connected to database: cs432cims
2025-04-08 16:33:34,519 - WARNING -  * Debugger is active!
2025-04-08 16:33:34,523 - INFO -  * Debugger PIN: 142-372-511
2025-04-08 16:33:38,177 - ERROR - Error adding user to login table: 1048 (23000): Column 'MemberID' cannot be null
2025-04-08 16:33:38,193 - INFO - 127.0.0.1 - - [08/Apr/2025 16:33:38] "[35m[1mPOST /addUser HTTP/1.1[0m" 500 -
2025-04-08 16:34:05,688 - INFO -  * Detected change in 'C:\\Users\\raman\\Downloads\\dlp_project (1)\\module3-project\\AddUser.py', reloading
2025-04-08 16:34:05,742 - INFO -  * Restarting with stat
2025-04-08 16:34:06,033 - INFO - Connected to database: cs432cims
2025-04-08 16:34:06,048 - WARNING -  * Debugger is active!
2025-04-08 16:34:06,048 - INFO -  * Debugger PIN: 142-372-511
2025-04-08 16:34:07,689 - ERROR - Error adding user to login table: 1048 (23000): Column 'MemberID' cannot be null
2025-04-08 16:34:07,689 - INFO - 127.0.0.1 - - [08/Apr/2025 16:34:07] "[35m[1mPOST /addUser HTTP/1.1[0m" 500 -
2025-04-08 16:34:26,157 - INFO -  * Detected change in 'C:\\Users\\raman\\Downloads\\dlp_project (1)\\module3-project\\AddUser.py', reloading
2025-04-08 16:34:26,194 - INFO -  * Restarting with stat
2025-04-08 16:34:26,516 - INFO - Connected to database: cs432cims
2025-04-08 16:34:26,516 - WARNING -  * Debugger is active!
2025-04-08 16:34:26,516 - INFO -  * Debugger PIN: 142-372-511
2025-04-08 16:34:28,807 - ERROR - Error adding user to login table: 1048 (23000): Column 'MemberID' cannot be null
2025-04-08 16:34:28,807 - INFO - 127.0.0.1 - - [08/Apr/2025 16:34:28] "[35m[1mPOST /addUser HTTP/1.1[0m" 500 -
2025-04-08 16:34:51,712 - INFO -  * Detected change in 'C:\\Users\\raman\\Downloads\\dlp_project (1)\\module3-project\\AddUser.py', reloading
2025-04-08 16:34:51,749 - INFO -  * Restarting with stat
2025-04-08 16:34:52,067 - INFO - Connected to database: cs432cims
2025-04-08 16:34:52,067 - WARNING -  * Debugger is active!
2025-04-08 16:34:52,067 - INFO -  * Debugger PIN: 142-372-511
2025-04-08 16:34:54,136 - ERROR - Error adding user to login table: 1048 (23000): Column 'MemberID' cannot be null
2025-04-08 16:34:54,136 - INFO - 127.0.0.1 - - [08/Apr/2025 16:34:54] "[35m[1mPOST /addUser HTTP/1.1[0m" 500 -
2025-04-08 16:34:59,569 - ERROR - Error adding user to login table: 1048 (23000): Column 'MemberID' cannot be null
2025-04-08 16:34:59,569 - INFO - 127.0.0.1 - - [08/Apr/2025 16:34:59] "[35m[1mPOST /addUser HTTP/1.1[0m" 500 -
2025-04-08 16:35:31,298 - INFO -  * Detected change in 'C:\\Users\\raman\\Downloads\\dlp_project (1)\\module3-project\\AddUser.py', reloading
2025-04-08 16:35:31,328 - INFO -  * Restarting with stat
2025-04-08 16:35:31,615 - INFO - Connected to database: cs432cims
2025-04-08 16:35:31,632 - WARNING -  * Debugger is active!
2025-04-08 16:35:31,632 - INFO -  * Debugger PIN: 142-372-511
2025-04-08 16:35:33,613 - ERROR - Error adding user to login table: 1048 (23000): Column 'MemberID' cannot be null
2025-04-08 16:35:33,613 - INFO - 127.0.0.1 - - [08/Apr/2025 16:35:33] "[35m[1mPOST /addUser HTTP/1.1[0m" 500 -
2025-04-08 16:35:42,711 - INFO -  * Detected change in 'C:\\Users\\raman\\Downloads\\dlp_project (1)\\module3-project\\AddUser.py', reloading
2025-04-08 16:35:42,740 - INFO -  * Restarting with stat
2025-04-08 16:35:43,009 - INFO - Connected to database: cs432cims
2025-04-08 16:35:43,017 - WARNING -  * Debugger is active!
2025-04-08 16:35:43,019 - INFO -  * Debugger PIN: 142-372-511
2025-04-08 16:35:45,546 - ERROR - Error adding user to login table: 1048 (23000): Column 'MemberID' cannot be null
2025-04-08 16:35:45,547 - INFO - 127.0.0.1 - - [08/Apr/2025 16:35:45] "[35m[1mPOST /addUser HTTP/1.1[0m" 500 -
2025-04-08 16:35:58,103 - INFO -  * Detected change in 'C:\\Users\\raman\\Downloads\\dlp_project (1)\\module3-project\\AddUser.py', reloading
2025-04-08 16:35:58,141 - INFO -  * Restarting with stat
2025-04-08 16:35:58,447 - INFO - Connected to database: cs432cims
2025-04-08 16:35:58,456 - WARNING -  * Debugger is active!
2025-04-08 16:35:58,459 - INFO -  * Debugger PIN: 142-372-511
2025-04-08 16:36:01,109 - ERROR - Error adding user to login table: 1048 (23000): Column 'MemberID' cannot be null
2025-04-08 16:36:01,110 - INFO - 127.0.0.1 - - [08/Apr/2025 16:36:01] "[35m[1mPOST /addUser HTTP/1.1[0m" 500 -
2025-04-08 16:36:20,569 - INFO -  * Detected change in 'C:\\Users\\raman\\Downloads\\dlp_project (1)\\module3-project\\AddUser.py', reloading
2025-04-08 16:36:20,597 - INFO -  * Restarting with stat
2025-04-08 16:36:20,914 - INFO - Connected to database: cs432cims
2025-04-08 16:36:20,916 - WARNING -  * Debugger is active!
2025-04-08 16:36:20,916 - INFO -  * Debugger PIN: 142-372-511
2025-04-08 16:36:25,052 - INFO - Member john_doe2 added with ID None
2025-04-08 16:36:25,068 - ERROR - Error adding user to login table: 1048 (23000): Column 'MemberID' cannot be null
2025-04-08 16:36:25,068 - INFO - 127.0.0.1 - - [08/Apr/2025 16:36:25] "[35m[1mPOST /addUser HTTP/1.1[0m" 500 -
2025-04-08 16:37:07,188 - INFO -  * Detected change in 'C:\\Users\\raman\\Downloads\\dlp_project (1)\\module3-project\\AddUser.py', reloading
2025-04-08 16:37:07,229 - INFO -  * Restarting with stat
2025-04-08 16:37:07,546 - INFO - Connected to database: cs432cims
2025-04-08 16:37:07,564 - WARNING -  * Debugger is active!
2025-04-08 16:37:07,564 - INFO -  * Debugger PIN: 142-372-511
2025-04-08 16:37:09,414 - INFO - User john_doe2 added to login table
2025-04-08 16:37:09,414 - INFO - 127.0.0.1 - - [08/Apr/2025 16:37:09] "POST /addUser HTTP/1.1" 200 -
2025-04-08 16:37:25,680 - INFO -  * Detected change in 'C:\\Users\\raman\\Downloads\\dlp_project (1)\\module3-project\\AddUser.py', reloading
2025-04-08 16:37:25,712 - INFO -  * Restarting with stat
2025-04-08 16:37:25,996 - INFO - Connected to database: cs432cims
2025-04-08 16:37:26,004 - WARNING -  * Debugger is active!
2025-04-08 16:37:26,004 - INFO -  * Debugger PIN: 142-372-511
2025-04-08 16:37:27,659 - ERROR - Error adding user to login table: 1062 (23000): Duplicate entry 'john_doe2' for key 'Login.PRIMARY'
2025-04-08 16:37:27,660 - INFO - 127.0.0.1 - - [08/Apr/2025 16:37:27] "[35m[1mPOST /addUser HTTP/1.1[0m" 500 -
2025-04-08 16:37:44,250 - INFO - 127.0.0.1 - - [08/Apr/2025 16:37:44] "[35m[1mPOST /addUser HTTP/1.1[0m" 500 -
2025-04-08 16:38:05,213 - INFO -  * Detected change in 'C:\\Users\\raman\\Downloads\\dlp_project (1)\\module3-project\\AddUser.py', reloading
2025-04-08 16:38:05,252 - INFO -  * Restarting with stat
2025-04-08 16:38:05,530 - INFO - Connected to database: cs432cims
2025-04-08 16:38:05,540 - WARNING -  * Debugger is active!
2025-04-08 16:38:05,542 - INFO -  * Debugger PIN: 142-372-511
2025-04-08 16:38:08,583 - INFO - 127.0.0.1 - - [08/Apr/2025 16:38:08] "[35m[1mPOST /addUser HTTP/1.1[0m" 500 -
2025-04-08 16:38:26,680 - INFO -  * Detected change in 'C:\\Users\\raman\\Downloads\\dlp_project (1)\\module3-project\\AddUser.py', reloading
2025-04-08 16:38:26,711 - INFO -  * Restarting with stat
2025-04-08 16:38:26,991 - INFO - Connected to database: cs432cims
2025-04-08 16:38:26,999 - WARNING -  * Debugger is active!
2025-04-08 16:38:27,001 - INFO -  * Debugger PIN: 142-372-511
2025-04-08 16:38:31,026 - INFO -  * Detected change in 'C:\\Users\\raman\\Downloads\\dlp_project (1)\\module3-project\\AddUser.py', reloading
2025-04-08 16:38:31,060 - INFO -  * Restarting with stat
2025-04-08 16:38:31,330 - INFO - Connected to database: cs432cims
2025-04-08 16:38:31,330 - WARNING -  * Debugger is active!
2025-04-08 16:38:31,330 - INFO -  * Debugger PIN: 142-372-511
2025-04-08 16:38:34,064 - INFO - 127.0.0.1 - - [08/Apr/2025 16:38:34] "[35m[1mPOST /addUser HTTP/1.1[0m" 500 -
2025-04-08 16:38:38,243 - INFO - 127.0.0.1 - - [08/Apr/2025 16:38:38] "[35m[1mPOST /addUser HTTP/1.1[0m" 500 -
2025-04-08 16:38:57,481 - INFO -  * Detected change in 'C:\\Users\\raman\\Downloads\\dlp_project (1)\\module3-project\\main.py', reloading
2025-04-08 16:38:57,514 - INFO -  * Restarting with stat
2025-04-08 16:38:57,814 - INFO - Connected to database: cs432cims
2025-04-08 16:38:57,823 - WARNING -  * Debugger is active!
2025-04-08 16:38:57,825 - INFO -  * Debugger PIN: 142-372-511
2025-04-08 16:39:00,899 - INFO - 127.0.0.1 - - [08/Apr/2025 16:39:00] "[35m[1mPOST /addUser HTTP/1.1[0m" 500 -
2025-04-08 16:39:01,961 - INFO - 127.0.0.1 - - [08/Apr/2025 16:39:01] "[35m[1mPOST /addUser HTTP/1.1[0m" 500 -
2025-04-08 16:39:07,221 - INFO - 127.0.0.1 - - [08/Apr/2025 16:39:07] "[35m[1mPOST /addUser HTTP/1.1[0m" 500 -
2025-04-08 16:39:12,407 - INFO - Connected to database: cs432cims
2025-04-08 16:39:12,420 - INFO - [31m[1mWARNING: This is a development server. Do not use it in a production deployment. Use a production WSGI server instead.[0m
 * Running on http://127.0.0.1:5000
2025-04-08 16:39:12,421 - INFO - [33mPress CTRL+C to quit[0m
2025-04-08 16:39:12,421 - INFO -  * Restarting with stat
2025-04-08 16:39:12,691 - INFO - Connected to database: cs432cims
2025-04-08 16:39:12,701 - WARNING -  * Debugger is active!
2025-04-08 16:39:12,703 - INFO -  * Debugger PIN: 142-372-511
2025-04-08 16:39:15,090 - INFO - 127.0.0.1 - - [08/Apr/2025 16:39:15] "[35m[1mPOST /addUser HTTP/1.1[0m" 500 -
2025-04-08 16:41:03,333 - INFO -  * Detected change in 'C:\\Users\\raman\\Downloads\\dlp_project (1)\\module3-project\\AddUser.py', reloading
2025-04-08 16:41:03,367 - INFO -  * Restarting with stat
2025-04-08 16:41:03,667 - INFO - Connected to database: cs432cims
2025-04-08 16:41:03,675 - WARNING -  * Debugger is active!
2025-04-08 16:41:03,677 - INFO -  * Debugger PIN: 142-372-511
2025-04-08 16:41:23,783 - INFO -  * Detected change in 'C:\\Users\\raman\\Downloads\\dlp_project (1)\\module3-project\\AddUser.py', reloading
2025-04-08 16:41:23,818 - INFO -  * Restarting with stat
2025-04-08 16:41:24,113 - INFO - Connected to database: cs432cims
2025-04-08 16:41:24,129 - WARNING -  * Debugger is active!
2025-04-08 16:41:24,129 - INFO -  * Debugger PIN: 142-372-511
2025-04-08 16:41:25,783 - INFO - 127.0.0.1 - - [08/Apr/2025 16:41:25] "[35m[1mPOST /addUser HTTP/1.1[0m" 500 -
2025-04-08 16:41:33,184 - INFO -  * Detected change in 'C:\\Users\\raman\\Downloads\\dlp_project (1)\\module3-project\\AddUser.py', reloading
2025-04-08 16:41:33,224 - INFO -  * Restarting with stat
2025-04-08 16:41:33,521 - INFO - Connected to database: cs432cims
2025-04-08 16:41:33,530 - WARNING -  * Debugger is active!
2025-04-08 16:41:33,532 - INFO -  * Debugger PIN: 142-372-511
2025-04-08 16:41:35,246 - ERROR - Error adding user to login table: Python type tuple cannot be converted
2025-04-08 16:41:35,247 - INFO - 127.0.0.1 - - [08/Apr/2025 16:41:35] "[35m[1mPOST /addUser HTTP/1.1[0m" 500 -
2025-04-08 16:41:49,078 - ERROR - Error adding user to login table: Python type tuple cannot be converted
2025-04-08 16:41:49,079 - INFO - 127.0.0.1 - - [08/Apr/2025 16:41:49] "[35m[1mPOST /addUser HTTP/1.1[0m" 500 -
2025-04-08 16:42:55,984 - INFO -  * Detected change in 'C:\\Users\\raman\\Downloads\\dlp_project (1)\\module3-project\\AddUser.py', reloading
2025-04-08 16:42:56,023 - INFO -  * Restarting with stat
2025-04-08 16:42:56,339 - INFO - Connected to database: cs432cims
2025-04-08 16:42:56,351 - WARNING -  * Debugger is active!
2025-04-08 16:42:56,351 - INFO -  * Debugger PIN: 142-372-511
2025-04-08 16:42:58,095 - ERROR - Error adding user to login table: Python type tuple cannot be converted
2025-04-08 16:42:58,095 - INFO - 127.0.0.1 - - [08/Apr/2025 16:42:58] "[35m[1mPOST /addUser HTTP/1.1[0m" 500 -
2025-04-08 16:43:36,582 - INFO -  * Detected change in 'C:\\Users\\raman\\Downloads\\dlp_project (1)\\module3-project\\AddUser.py', reloading
2025-04-08 16:43:36,624 - INFO -  * Restarting with stat
2025-04-08 16:43:36,957 - INFO - Connected to database: cs432cims
2025-04-08 16:43:36,957 - WARNING -  * Debugger is active!
2025-04-08 16:43:36,957 - INFO -  * Debugger PIN: 142-372-511
2025-04-08 16:43:38,491 - INFO - User john_doe4 added to login table
2025-04-08 16:43:38,492 - INFO - 127.0.0.1 - - [08/Apr/2025 16:43:38] "POST /addUser HTTP/1.1" 200 -
2025-04-08 16:59:29,159 - INFO -  * Detected change in 'C:\\Users\\raman\\Downloads\\dlp_project (1)\\module3-project\\Login.py', reloading
2025-04-08 16:59:29,191 - INFO -  * Restarting with stat
2025-04-08 16:59:29,498 - INFO - Connected to database: cs432cims
2025-04-08 16:59:29,507 - WARNING -  * Debugger is active!
2025-04-08 16:59:29,509 - INFO -  * Debugger PIN: 142-372-511
2025-04-08 17:01:23,082 - INFO -  * Detected change in 'C:\\Users\\raman\\Downloads\\dlp_project (1)\\module3-project\\Login.py', reloading
2025-04-08 17:01:23,114 - INFO -  * Restarting with stat
2025-04-08 17:01:23,391 - INFO - Connected to database: cs432cims
2025-04-08 17:01:23,400 - WARNING -  * Debugger is active!
2025-04-08 17:01:23,401 - INFO -  * Debugger PIN: 142-372-511
2025-04-08 17:01:38,547 - INFO - Member temp10 added with ID []
2025-04-08 17:01:38,551 - ERROR - Error adding user to login table: Python type list cannot be converted
2025-04-08 17:01:38,552 - INFO - 127.0.0.1 - - [08/Apr/2025 17:01:38] "[35m[1mPOST /addUser HTTP/1.1[0m" 500 -
2025-04-08 17:02:27,722 - INFO -  * Detected change in 'C:\\Users\\raman\\Downloads\\dlp_project (1)\\module3-project\\AddUser.py', reloading
2025-04-08 17:02:27,754 - INFO -  * Restarting with stat
2025-04-08 17:02:28,054 - INFO - Connected to database: cs432cims
2025-04-08 17:02:28,054 - WARNING -  * Debugger is active!
2025-04-08 17:02:28,069 - INFO -  * Debugger PIN: 142-372-511
2025-04-08 17:02:33,124 - INFO - 127.0.0.1 - - [08/Apr/2025 17:02:33] "[35m[1mPOST /addUser HTTP/1.1[0m" 500 -
2025-04-08 17:02:49,204 - INFO -  * Detected change in 'C:\\Users\\raman\\Downloads\\dlp_project (1)\\module3-project\\AddUser.py', reloading
2025-04-08 17:02:49,237 - INFO -  * Restarting with stat
2025-04-08 17:02:49,537 - INFO - Connected to database: cs432cims
2025-04-08 17:02:49,537 - WARNING -  * Debugger is active!
2025-04-08 17:02:49,553 - INFO -  * Debugger PIN: 142-372-511
2025-04-08 17:02:54,112 - INFO - 127.0.0.1 - - [08/Apr/2025 17:02:54] "[35m[1mPOST /addUser HTTP/1.1[0m" 500 -
2025-04-08 17:45:03,872 - INFO -  * Detected change in 'C:\\Users\\raman\\Downloads\\dlp_project (1)\\module3-project\\AddUser.py', reloading
2025-04-08 17:45:03,906 - INFO -  * Restarting with stat
2025-04-08 17:45:04,223 - INFO - Connected to database: cs432cims
2025-04-08 17:45:04,239 - WARNING -  * Debugger is active!
2025-04-08 17:45:04,239 - INFO -  * Debugger PIN: 142-372-511
2025-04-08 17:45:06,291 - INFO - User temp12 added to login table
2025-04-08 17:45:06,291 - INFO - 127.0.0.1 - - [08/Apr/2025 17:45:06] "POST /addUser HTTP/1.1" 200 -
2025-04-08 17:45:12,048 - INFO - 127.0.0.1 - - [08/Apr/2025 17:45:12] "[35m[1mPOST /addUser HTTP/1.1[0m" 500 -
2025-04-08 17:45:51,541 - INFO -  * Detected change in 'C:\\Users\\raman\\Downloads\\dlp_project (1)\\module3-project\\AddUser.py', reloading
2025-04-08 17:45:51,571 - INFO -  * Restarting with stat
2025-04-08 17:45:51,871 - INFO - Connected to database: cs432cims
2025-04-08 17:45:51,887 - WARNING -  * Debugger is active!
2025-04-08 17:45:51,887 - INFO -  * Debugger PIN: 142-372-511
2025-04-08 17:45:54,362 - INFO - User temp13 added to login table
2025-04-08 17:45:54,362 - INFO - 127.0.0.1 - - [08/Apr/2025 17:45:54] "POST /addUser HTTP/1.1" 200 -
2025-04-08 17:45:58,765 - INFO - 127.0.0.1 - - [08/Apr/2025 17:45:58] "[35m[1mPOST /addUser HTTP/1.1[0m" 500 -
2025-04-08 17:46:19,035 - INFO -  * Detected change in 'C:\\Users\\raman\\Downloads\\dlp_project (1)\\module3-project\\AddUser.py', reloading
2025-04-08 17:46:19,071 - INFO -  * Restarting with stat
2025-04-08 17:46:19,354 - INFO - Connected to database: cs432cims
2025-04-08 17:46:19,371 - WARNING -  * Debugger is active!
2025-04-08 17:46:19,371 - INFO -  * Debugger PIN: 142-372-511
2025-04-08 17:46:31,421 - INFO - User temp14 added to login table
2025-04-08 17:46:31,421 - INFO - 127.0.0.1 - - [08/Apr/2025 17:46:31] "POST /addUser HTTP/1.1" 200 -
2025-04-08 17:46:36,882 - INFO - 127.0.0.1 - - [08/Apr/2025 17:46:36] "[35m[1mPOST /addUser HTTP/1.1[0m" 500 -
2025-04-08 17:46:52,321 - INFO - Connected to database: cs432cims
2025-04-08 17:46:52,350 - INFO - [31m[1mWARNING: This is a development server. Do not use it in a production deployment. Use a production WSGI server instead.[0m
 * Running on http://127.0.0.1:5000
2025-04-08 17:46:52,350 - INFO - [33mPress CTRL+C to quit[0m
2025-04-08 17:46:52,350 - INFO -  * Restarting with stat
2025-04-08 17:46:52,585 - INFO - Connected to database: cs432cims
2025-04-08 17:46:52,604 - WARNING -  * Debugger is active!
2025-04-08 17:46:52,604 - INFO -  * Debugger PIN: 142-372-511
2025-04-08 17:46:58,860 - INFO - 127.0.0.1 - - [08/Apr/2025 17:46:58] "[35m[1mPOST /addUser HTTP/1.1[0m" 500 -
2025-04-08 17:48:56,404 - INFO -  * Detected change in 'C:\\Users\\raman\\Downloads\\dlp_project (1)\\module3-project\\AddUser.py', reloading
2025-04-08 17:48:56,449 - INFO -  * Restarting with stat
2025-04-08 17:48:56,769 - INFO - Connected to database: cs432cims
2025-04-08 17:48:56,778 - WARNING -  * Debugger is active!
2025-04-08 17:48:56,780 - INFO -  * Debugger PIN: 142-372-511
2025-04-08 17:49:02,399 - INFO - 127.0.0.1 - - [08/Apr/2025 17:49:02] "[35m[1mPOST /addUser HTTP/1.1[0m" 500 -
2025-04-08 17:49:41,032 - INFO -  * Detected change in 'C:\\Users\\raman\\Downloads\\dlp_project (1)\\module3-project\\AddUser.py', reloading
2025-04-08 17:49:41,062 - INFO -  * Restarting with stat
2025-04-08 17:49:41,347 - INFO - Connected to database: cs432cims
2025-04-08 17:49:41,363 - WARNING -  * Debugger is active!
2025-04-08 17:49:41,363 - INFO -  * Debugger PIN: 142-372-511
2025-04-08 17:49:48,420 - INFO -  * Detected change in 'C:\\Users\\raman\\Downloads\\dlp_project (1)\\module3-project\\AddUser.py', reloading
2025-04-08 17:49:48,449 - INFO -  * Restarting with stat
2025-04-08 17:49:48,768 - INFO - Connected to database: cs432cims
2025-04-08 17:49:48,768 - WARNING -  * Debugger is active!
2025-04-08 17:49:48,768 - INFO -  * Debugger PIN: 142-372-511
2025-04-08 17:49:51,055 - INFO - User temp17 added to login table
2025-04-08 17:49:51,055 - INFO - 127.0.0.1 - - [08/Apr/2025 17:49:51] "POST /addUser HTTP/1.1" 200 -
2025-04-08 17:49:56,651 - INFO - 127.0.0.1 - - [08/Apr/2025 17:49:56] "[35m[1mPOST /addUser HTTP/1.1[0m" 500 -
2025-04-08 17:50:09,873 - INFO -  * Detected change in 'C:\\Users\\raman\\Downloads\\dlp_project (1)\\module3-project\\AddUser.py', reloading
2025-04-08 17:50:09,917 - INFO -  * Restarting with stat
2025-04-08 17:50:10,226 - INFO - Connected to database: cs432cims
2025-04-08 17:50:10,235 - WARNING -  * Debugger is active!
2025-04-08 17:50:10,237 - INFO -  * Debugger PIN: 142-372-511
2025-04-08 17:50:16,734 - ERROR - MySQL Error: Not all parameters were used in the SQL statement
2025-04-08 17:50:16,764 - INFO - 127.0.0.1 - - [08/Apr/2025 17:50:16] "[35m[1mPOST /addUser HTTP/1.1[0m" 500 -
2025-04-08 17:51:17,591 - INFO -  * Detected change in 'C:\\Users\\raman\\Downloads\\dlp_project (1)\\module3-project\\AddUser.py', reloading
2025-04-08 17:51:17,624 - INFO -  * Restarting with stat
2025-04-08 17:51:17,917 - INFO - Connected to database: cs432cims
2025-04-08 17:51:17,917 - WARNING -  * Debugger is active!
2025-04-08 17:51:17,917 - INFO -  * Debugger PIN: 142-372-511
2025-04-08 17:51:21,100 - INFO - User temp19 added to login table
2025-04-08 17:51:21,100 - INFO - 127.0.0.1 - - [08/Apr/2025 17:51:21] "POST /addUser HTTP/1.1" 200 -
2025-04-08 17:51:25,773 - ERROR - MySQL Error: Not all parameters were used in the SQL statement
2025-04-08 17:51:25,779 - ERROR - Error adding user to login table: 1048 (23000): Column 'MemberID' cannot be null
2025-04-08 17:51:25,779 - INFO - 127.0.0.1 - - [08/Apr/2025 17:51:25] "[35m[1mPOST /addUser HTTP/1.1[0m" 500 -
2025-04-08 17:51:52,500 - INFO - User temp20 added to login table
2025-04-08 17:51:52,502 - INFO - 127.0.0.1 - - [08/Apr/2025 17:51:52] "POST /addUser HTTP/1.1" 200 -
2025-04-08 17:51:54,143 - ERROR - Error adding user to login table: 1062 (23000): Duplicate entry '16' for key 'Login.PRIMARY'
2025-04-08 17:51:54,143 - INFO - 127.0.0.1 - - [08/Apr/2025 17:51:54] "[35m[1mPOST /addUser HTTP/1.1[0m" 500 -
2025-04-08 17:51:55,736 - ERROR - Error adding user to login table: 1062 (23000): Duplicate entry '16' for key 'Login.PRIMARY'
2025-04-08 17:51:55,737 - INFO - 127.0.0.1 - - [08/Apr/2025 17:51:55] "[35m[1mPOST /addUser HTTP/1.1[0m" 500 -
2025-04-08 17:52:55,312 - ERROR - MySQL Error: Not all parameters were used in the SQL statement
2025-04-08 17:52:55,312 - ERROR - Error adding user to login table: 1048 (23000): Column 'MemberID' cannot be null
2025-04-08 17:52:55,312 - INFO - 127.0.0.1 - - [08/Apr/2025 17:52:55] "[35m[1mPOST /addUser HTTP/1.1[0m" 500 -
2025-04-08 17:53:53,881 - INFO -  * Detected change in 'C:\\Users\\raman\\Downloads\\dlp_project (1)\\module3-project\\AddUser.py', reloading
2025-04-08 17:53:53,915 - INFO -  * Restarting with stat
2025-04-08 17:53:54,215 - INFO - Connected to database: cs432cims
2025-04-08 17:53:54,230 - WARNING -  * Debugger is active!
2025-04-08 17:53:54,230 - INFO -  * Debugger PIN: 142-372-511
2025-04-08 17:54:09,280 - INFO - User temp21 added to login table
2025-04-08 17:54:09,280 - INFO - 127.0.0.1 - - [08/Apr/2025 17:54:09] "POST /addUser HTTP/1.1" 200 -
2025-04-08 17:54:11,970 - ERROR - Error adding user to login table: 1062 (23000): Duplicate entry '17' for key 'Login.PRIMARY'
2025-04-08 17:54:11,970 - INFO - 127.0.0.1 - - [08/Apr/2025 17:54:11] "[35m[1mPOST /addUser HTTP/1.1[0m" 500 -
2025-04-08 17:54:16,594 - ERROR - Error adding user to login table: 1062 (23000): Duplicate entry '17' for key 'Login.PRIMARY'
2025-04-08 17:54:16,595 - INFO - 127.0.0.1 - - [08/Apr/2025 17:54:16] "[35m[1mPOST /addUser HTTP/1.1[0m" 500 -
2025-04-08 17:54:31,456 - INFO -  * Detected change in 'C:\\Users\\raman\\Downloads\\dlp_project (1)\\module3-project\\AddUser.py', reloading
2025-04-08 17:54:31,488 - INFO -  * Restarting with stat
2025-04-08 17:54:31,797 - INFO - Connected to database: cs432cims
2025-04-08 17:54:31,809 - WARNING -  * Debugger is active!
2025-04-08 17:54:31,809 - INFO -  * Debugger PIN: 142-372-511
2025-04-08 17:54:34,072 - ERROR - Error adding user to login table: 1062 (23000): Duplicate entry '17' for key 'Login.PRIMARY'
2025-04-08 17:54:34,088 - INFO - 127.0.0.1 - - [08/Apr/2025 17:54:34] "[35m[1mPOST /addUser HTTP/1.1[0m" 500 -
2025-04-08 17:54:40,301 - ERROR - MySQL Error: Not all parameters were used in the SQL statement
2025-04-08 17:54:40,308 - INFO - 127.0.0.1 - - [08/Apr/2025 17:54:40] "[35m[1mPOST /addUser HTTP/1.1[0m" 500 -
2025-04-08 17:55:10,004 - INFO -  * Detected change in 'C:\\Users\\raman\\Downloads\\dlp_project (1)\\module3-project\\AddUser.py', reloading
2025-04-08 17:55:10,047 - INFO -  * Restarting with stat
2025-04-08 17:55:10,326 - INFO - Connected to database: cs432cims
2025-04-08 17:55:10,351 - WARNING -  * Debugger is active!
2025-04-08 17:55:10,353 - INFO -  * Debugger PIN: 142-372-511
2025-04-08 17:55:18,597 - INFO - User temp22 added to login table
2025-04-08 17:55:18,597 - INFO - 127.0.0.1 - - [08/Apr/2025 17:55:18] "POST /addUser HTTP/1.1" 200 -
2025-04-08 17:55:31,245 - ERROR - Error adding user to login table: 1062 (23000): Duplicate entry '18' for key 'Login.PRIMARY'
2025-04-08 17:55:31,246 - INFO - 127.0.0.1 - - [08/Apr/2025 17:55:31] "[35m[1mPOST /addUser HTTP/1.1[0m" 500 -
2025-04-08 17:56:25,747 - INFO -  * Detected change in 'C:\\Users\\raman\\Downloads\\dlp_project (1)\\module3-project\\AddUser.py', reloading
2025-04-08 17:56:25,779 - INFO -  * Restarting with stat
2025-04-08 17:56:26,080 - INFO - Connected to database: cs432cims
2025-04-08 17:56:26,095 - WARNING -  * Debugger is active!
2025-04-08 17:56:26,095 - INFO -  * Debugger PIN: 142-372-511
2025-04-08 17:56:37,299 - ERROR - MySQL Error: Not all parameters were used in the SQL statement
2025-04-08 17:56:37,304 - INFO - 127.0.0.1 - - [08/Apr/2025 17:56:37] "[35m[1mPOST /addUser HTTP/1.1[0m" 500 -
2025-04-08 17:57:00,245 - INFO -  * Detected change in 'C:\\Users\\raman\\Downloads\\dlp_project (1)\\module3-project\\AddUser.py', reloading
2025-04-08 17:57:00,280 - INFO -  * Restarting with stat
2025-04-08 17:57:00,578 - INFO - Connected to database: cs432cims
2025-04-08 17:57:00,594 - WARNING -  * Debugger is active!
2025-04-08 17:57:00,594 - INFO -  * Debugger PIN: 142-372-511
2025-04-08 17:57:03,179 - INFO - User temp23 added to login table
2025-04-08 17:57:03,179 - INFO - 127.0.0.1 - - [08/Apr/2025 17:57:03] "POST /addUser HTTP/1.1" 200 -
2025-04-08 17:57:08,109 - ERROR - MySQL Error: Not all parameters were used in the SQL statement
2025-04-08 17:57:08,116 - ERROR - Error adding user to login table: 1048 (23000): Column 'MemberID' cannot be null
2025-04-08 17:57:08,116 - INFO - 127.0.0.1 - - [08/Apr/2025 17:57:08] "[35m[1mPOST /addUser HTTP/1.1[0m" 500 -
2025-04-08 17:57:36,182 - INFO - User temp24 added to login table
2025-04-08 17:57:36,183 - INFO - 127.0.0.1 - - [08/Apr/2025 17:57:36] "POST /addUser HTTP/1.1" 200 -
2025-04-08 17:57:42,151 - ERROR - MySQL Error: Not all parameters were used in the SQL statement
2025-04-08 17:57:42,156 - ERROR - Error adding user to login table: 1048 (23000): Column 'MemberID' cannot be null
2025-04-08 17:57:42,156 - INFO - 127.0.0.1 - - [08/Apr/2025 17:57:42] "[35m[1mPOST /addUser HTTP/1.1[0m" 500 -
2025-04-08 17:58:20,981 - INFO -  * Detected change in 'C:\\Users\\raman\\Downloads\\dlp_project (1)\\module3-project\\AddUser.py', reloading
2025-04-08 17:58:21,012 - INFO -  * Restarting with stat
2025-04-08 17:58:21,310 - INFO - Connected to database: cs432cims
2025-04-08 17:58:21,327 - WARNING -  * Debugger is active!
2025-04-08 17:58:21,327 - INFO -  * Debugger PIN: 142-372-511
2025-04-08 17:58:28,708 - ERROR - MySQL Error: Not all parameters were used in the SQL statement
2025-04-08 17:58:28,717 - ERROR - Error adding user to login table: 1048 (23000): Column 'MemberID' cannot be null
2025-04-08 17:58:28,719 - INFO - 127.0.0.1 - - [08/Apr/2025 17:58:28] "[35m[1mPOST /addUser HTTP/1.1[0m" 500 -
2025-04-08 17:59:08,575 - INFO -  * Detected change in 'C:\\Users\\raman\\Downloads\\dlp_project (1)\\module3-project\\AddUser.py', reloading
2025-04-08 17:59:08,608 - INFO -  * Restarting with stat
2025-04-08 17:59:08,925 - INFO - Connected to database: cs432cims
2025-04-08 17:59:08,941 - WARNING -  * Debugger is active!
2025-04-08 17:59:08,941 - INFO -  * Debugger PIN: 142-372-511
2025-04-08 17:59:19,226 - ERROR - MySQL Error: Not all parameters were used in the SQL statement
2025-04-08 17:59:19,226 - ERROR - Error adding user to login table: 1048 (23000): Column 'MemberID' cannot be null
2025-04-08 17:59:19,241 - INFO - 127.0.0.1 - - [08/Apr/2025 17:59:19] "[35m[1mPOST /addUser HTTP/1.1[0m" 500 -
2025-04-08 17:59:23,168 - INFO - User temp27 added to login table
2025-04-08 17:59:23,169 - INFO - 127.0.0.1 - - [08/Apr/2025 17:59:23] "POST /addUser HTTP/1.1" 200 -
2025-04-08 17:59:29,753 - ERROR - MySQL Error: Not all parameters were used in the SQL statement
2025-04-08 17:59:29,761 - ERROR - Error adding user to login table: 1048 (23000): Column 'MemberID' cannot be null
2025-04-08 17:59:29,761 - INFO - 127.0.0.1 - - [08/Apr/2025 17:59:29] "[35m[1mPOST /addUser HTTP/1.1[0m" 500 -
2025-04-08 18:02:18,999 - INFO -  * Detected change in 'C:\\Users\\raman\\Downloads\\dlp_project (1)\\module3-project\\AddUser.py', reloading
2025-04-08 18:02:19,023 - INFO -  * Restarting with stat
2025-04-08 18:02:19,372 - INFO - Connected to database: cs432cims
2025-04-08 18:02:19,385 - WARNING -  * Debugger is active!
2025-04-08 18:02:19,385 - INFO -  * Debugger PIN: 142-372-511
2025-04-08 18:02:26,323 - INFO - User temp28 added to login table
2025-04-08 18:02:26,323 - INFO - 127.0.0.1 - - [08/Apr/2025 18:02:26] "POST /addUser HTTP/1.1" 200 -
2025-04-08 18:02:31,107 - ERROR - MySQL Error: Not all parameters were used in the SQL statement
2025-04-08 18:02:31,114 - ERROR - Error adding user to login table: 1048 (23000): Column 'MemberID' cannot be null
2025-04-08 18:02:31,114 - INFO - 127.0.0.1 - - [08/Apr/2025 18:02:31] "[35m[1mPOST /addUser HTTP/1.1[0m" 500 -
2025-04-08 18:05:07,449 - INFO -  * Detected change in 'C:\\Users\\raman\\Downloads\\dlp_project (1)\\module3-project\\AddUser.py', reloading
2025-04-08 18:05:07,481 - INFO -  * Restarting with stat
2025-04-08 18:05:07,790 - INFO - Connected to database: cs432cims
2025-04-08 18:05:07,798 - WARNING -  * Debugger is active!
2025-04-08 18:05:07,800 - INFO -  * Debugger PIN: 142-372-511
2025-04-08 18:05:10,361 - INFO - User temp29 added to login table
2025-04-08 18:05:10,362 - INFO - 127.0.0.1 - - [08/Apr/2025 18:05:10] "POST /addUser HTTP/1.1" 200 -
2025-04-08 18:05:15,817 - ERROR - MySQL Error: Not all parameters were used in the SQL statement
2025-04-08 18:05:15,823 - ERROR - Error adding user to login table: 1048 (23000): Column 'MemberID' cannot be null
2025-04-08 18:05:15,823 - INFO - 127.0.0.1 - - [08/Apr/2025 18:05:15] "[35m[1mPOST /addUser HTTP/1.1[0m" 500 -
2025-04-08 18:05:47,034 - INFO -  * Detected change in 'C:\\Users\\raman\\Downloads\\dlp_project (1)\\module3-project\\AddUser.py', reloading
2025-04-08 18:05:47,070 - INFO -  * Restarting with stat
2025-04-08 18:05:47,354 - INFO - Connected to database: cs432cims
2025-04-08 18:05:47,370 - WARNING -  * Debugger is active!
2025-04-08 18:05:47,370 - INFO -  * Debugger PIN: 142-372-511
2025-04-08 18:05:49,887 - INFO - User temp30 added to login table
2025-04-08 18:05:49,887 - INFO - 127.0.0.1 - - [08/Apr/2025 18:05:49] "POST /addUser HTTP/1.1" 200 -
2025-04-08 18:05:58,150 - ERROR - MySQL Error: Not all parameters were used in the SQL statement
2025-04-08 18:05:58,161 - ERROR - Error adding user to login table: 1048 (23000): Column 'MemberID' cannot be null
2025-04-08 18:05:58,162 - INFO - 127.0.0.1 - - [08/Apr/2025 18:05:58] "[35m[1mPOST /addUser HTTP/1.1[0m" 500 -
2025-04-08 18:06:00,519 - INFO - User temp31 added to login table
2025-04-08 18:06:00,520 - INFO - 127.0.0.1 - - [08/Apr/2025 18:06:00] "POST /addUser HTTP/1.1" 200 -
2025-04-08 18:06:01,844 - ERROR - Error adding user to login table: 1062 (23000): Duplicate entry '27' for key 'Login.PRIMARY'
2025-04-08 18:06:01,844 - INFO - 127.0.0.1 - - [08/Apr/2025 18:06:01] "[35m[1mPOST /addUser HTTP/1.1[0m" 500 -
2025-04-08 18:06:27,589 - INFO -  * Detected change in 'C:\\Users\\raman\\Downloads\\dlp_project (1)\\module3-project\\AddUser.py', reloading
2025-04-08 18:06:27,622 - INFO -  * Restarting with stat
2025-04-08 18:06:27,918 - INFO - Connected to database: cs432cims
2025-04-08 18:06:27,927 - WARNING -  * Debugger is active!
2025-04-08 18:06:27,929 - INFO -  * Debugger PIN: 142-372-511
2025-04-08 18:06:32,439 - ERROR - Error adding user to login table: 1062 (23000): Duplicate entry '27' for key 'Login.PRIMARY'
2025-04-08 18:06:32,439 - INFO - 127.0.0.1 - - [08/Apr/2025 18:06:32] "[35m[1mPOST /addUser HTTP/1.1[0m" 500 -
2025-04-08 18:06:38,414 - ERROR - MySQL Error: Not all parameters were used in the SQL statement
2025-04-08 18:06:38,423 - ERROR - Error adding user to login table: 1048 (23000): Column 'MemberID' cannot be null
2025-04-08 18:06:38,423 - INFO - 127.0.0.1 - - [08/Apr/2025 18:06:38] "[35m[1mPOST /addUser HTTP/1.1[0m" 500 -
2025-04-08 18:07:45,333 - INFO -  * Detected change in 'C:\\Users\\raman\\Downloads\\dlp_project (1)\\module3-project\\AddUser.py', reloading
2025-04-08 18:07:45,366 - INFO -  * Restarting with stat
2025-04-08 18:07:45,652 - INFO - Connected to database: cs432cims
2025-04-08 18:07:45,660 - WARNING -  * Debugger is active!
2025-04-08 18:07:45,662 - INFO -  * Debugger PIN: 142-372-511
2025-04-08 18:07:55,571 - ERROR - MySQL Error: 1054 (42S22): Unknown column 'MemberID' in 'field list'
2025-04-08 18:07:55,589 - ERROR - Error adding user to login table: 1048 (23000): Column 'MemberID' cannot be null
2025-04-08 18:07:55,590 - INFO - 127.0.0.1 - - [08/Apr/2025 18:07:55] "[35m[1mPOST /addUser HTTP/1.1[0m" 500 -
2025-04-08 18:08:40,014 - INFO -  * Detected change in 'C:\\Users\\raman\\Downloads\\dlp_project (1)\\module3-project\\AddUser.py', reloading
2025-04-08 18:08:40,091 - INFO -  * Restarting with stat
2025-04-08 18:08:40,395 - INFO - Connected to database: cs432cims
2025-04-08 18:08:40,405 - WARNING -  * Debugger is active!
2025-04-08 18:08:40,407 - INFO -  * Debugger PIN: 142-372-511
2025-04-08 18:08:42,319 - ERROR - MySQL Error: 1054 (42S22): Unknown column 'None' in 'field list'
2025-04-08 18:08:42,325 - ERROR - Error adding user to login table: 1048 (23000): Column 'MemberID' cannot be null
2025-04-08 18:08:42,325 - INFO - 127.0.0.1 - - [08/Apr/2025 18:08:42] "[35m[1mPOST /addUser HTTP/1.1[0m" 500 -
2025-04-08 18:09:11,890 - ERROR - MySQL Error: 1054 (42S22): Unknown column 'None' in 'field list'
2025-04-08 18:09:11,904 - ERROR - Error adding user to login table: 1048 (23000): Column 'MemberID' cannot be null
2025-04-08 18:09:11,906 - INFO - 127.0.0.1 - - [08/Apr/2025 18:09:11] "[35m[1mPOST /addUser HTTP/1.1[0m" 500 -
2025-04-08 18:09:14,617 - INFO -  * Detected change in 'C:\\Users\\raman\\Downloads\\dlp_project (1)\\module3-project\\AddUser.py', reloading
2025-04-08 18:09:14,650 - INFO -  * Restarting with stat
2025-04-08 18:09:14,954 - INFO - Connected to database: cs432cims
2025-04-08 18:09:14,962 - WARNING -  * Debugger is active!
2025-04-08 18:09:14,965 - INFO -  * Debugger PIN: 142-372-511
2025-04-08 18:09:19,648 - ERROR - MySQL Error: Not all parameters were used in the SQL statement
2025-04-08 18:09:19,655 - ERROR - Error adding user to login table: 1048 (23000): Column 'MemberID' cannot be null
2025-04-08 18:09:19,656 - INFO - 127.0.0.1 - - [08/Apr/2025 18:09:19] "[35m[1mPOST /addUser HTTP/1.1[0m" 500 -
2025-04-08 18:10:07,305 - INFO -  * Detected change in 'C:\\Users\\raman\\Downloads\\dlp_project (1)\\module3-project\\AddUser.py', reloading
2025-04-08 18:10:07,346 - INFO -  * Restarting with stat
2025-04-08 18:10:07,647 - INFO - Connected to database: cs432cims
2025-04-08 18:10:07,670 - WARNING -  * Debugger is active!
2025-04-08 18:10:07,672 - INFO -  * Debugger PIN: 142-372-511
2025-04-08 18:10:14,309 - ERROR - MySQL Error: 1064 (42000): You have an error in your SQL syntax; check the manual that corresponds to your MySQL server version for the right syntax to use near ', 'john.doe@example.com', '1990-05-15')' at line 1
2025-04-08 18:10:14,316 - ERROR - Error adding user to login table: 1048 (23000): Column 'MemberID' cannot be null
2025-04-08 18:10:14,317 - INFO - 127.0.0.1 - - [08/Apr/2025 18:10:14] "[35m[1mPOST /addUser HTTP/1.1[0m" 500 -
2025-04-08 18:10:33,813 - INFO -  * Detected change in 'C:\\Users\\raman\\Downloads\\dlp_project (1)\\module3-project\\AddUser.py', reloading
2025-04-08 18:10:33,847 - INFO -  * Restarting with stat
2025-04-08 18:10:34,147 - INFO - Connected to database: cs432cims
2025-04-08 18:10:34,163 - WARNING -  * Debugger is active!
2025-04-08 18:10:34,163 - INFO -  * Debugger PIN: 142-372-511
2025-04-08 18:10:38,313 - ERROR - MySQL Error: 1366 (HY000): Incorrect integer value: '' for column 'ID' at row 1
2025-04-08 18:10:38,334 - ERROR - Error adding user to login table: 1048 (23000): Column 'MemberID' cannot be null
2025-04-08 18:10:38,335 - INFO - 127.0.0.1 - - [08/Apr/2025 18:10:38] "[35m[1mPOST /addUser HTTP/1.1[0m" 500 -
2025-04-08 18:10:45,223 - INFO -  * Detected change in 'C:\\Users\\raman\\Downloads\\dlp_project (1)\\module3-project\\AddUser.py', reloading
2025-04-08 18:10:45,254 - INFO -  * Restarting with stat
2025-04-08 18:10:45,555 - INFO - Connected to database: cs432cims
2025-04-08 18:10:45,563 - WARNING -  * Debugger is active!
2025-04-08 18:10:45,565 - INFO -  * Debugger PIN: 142-372-511
2025-04-08 18:10:50,637 - ERROR - MySQL Error: Not all parameters were used in the SQL statement
2025-04-08 18:10:50,637 - ERROR - Error adding user to login table: 1048 (23000): Column 'MemberID' cannot be null
2025-04-08 18:10:50,649 - INFO - 127.0.0.1 - - [08/Apr/2025 18:10:50] "[35m[1mPOST /addUser HTTP/1.1[0m" 500 -
2025-04-08 18:11:09,554 - ERROR - MySQL Error: Not all parameters were used in the SQL statement
2025-04-08 18:11:09,568 - ERROR - Error adding user to login table: 1048 (23000): Column 'MemberID' cannot be null
2025-04-08 18:11:09,569 - INFO - 127.0.0.1 - - [08/Apr/2025 18:11:09] "[35m[1mPOST /addUser HTTP/1.1[0m" 500 -
2025-04-08 18:11:15,400 - INFO - User temp35 added to login table
2025-04-08 18:11:15,401 - INFO - 127.0.0.1 - - [08/Apr/2025 18:11:15] "POST /addUser HTTP/1.1" 200 -
2025-04-08 18:12:33,913 - ERROR - MySQL Error: Not all parameters were used in the SQL statement
2025-04-08 18:12:33,922 - ERROR - Error adding user to login table: 1048 (23000): Column 'MemberID' cannot be null
2025-04-08 18:12:33,923 - INFO - 127.0.0.1 - - [08/Apr/2025 18:12:33] "[35m[1mPOST /addUser HTTP/1.1[0m" 500 -
2025-04-08 18:13:12,364 - INFO -  * Detected change in 'C:\\Users\\raman\\Downloads\\dlp_project (1)\\module3-project\\AddUser.py', reloading
2025-04-08 18:13:12,395 - INFO -  * Restarting with stat
2025-04-08 18:13:12,689 - INFO - Connected to database: cs432cims
2025-04-08 18:13:12,707 - WARNING -  * Debugger is active!
2025-04-08 18:13:12,707 - INFO -  * Debugger PIN: 142-372-511
2025-04-08 18:13:18,743 - ERROR - MySQL Error: 1136 (21S01): Column count doesn't match value count at row 1
2025-04-08 18:13:18,750 - ERROR - Error adding user to login table: 1048 (23000): Column 'MemberID' cannot be null
2025-04-08 18:13:18,751 - INFO - 127.0.0.1 - - [08/Apr/2025 18:13:18] "[35m[1mPOST /addUser HTTP/1.1[0m" 500 -
2025-04-08 18:13:32,830 - INFO -  * Detected change in 'C:\\Users\\raman\\Downloads\\dlp_project (1)\\module3-project\\AddUser.py', reloading
2025-04-08 18:13:32,868 - INFO -  * Restarting with stat
2025-04-08 18:13:33,165 - INFO - Connected to database: cs432cims
2025-04-08 18:13:33,165 - WARNING -  * Debugger is active!
2025-04-08 18:13:33,181 - INFO -  * Debugger PIN: 142-372-511
2025-04-08 18:13:37,665 - ERROR - MySQL Error: Not all parameters were used in the SQL statement
2025-04-08 18:13:37,681 - ERROR - Error adding user to login table: 1048 (23000): Column 'MemberID' cannot be null
2025-04-08 18:13:37,681 - INFO - 127.0.0.1 - - [08/Apr/2025 18:13:37] "[35m[1mPOST /addUser HTTP/1.1[0m" 500 -
2025-04-08 18:13:55,303 - INFO -  * Detected change in 'C:\\Users\\raman\\Downloads\\dlp_project (1)\\module3-project\\AddUser.py', reloading
2025-04-08 18:13:55,333 - INFO -  * Restarting with stat
2025-04-08 18:13:55,621 - INFO - Connected to database: cs432cims
2025-04-08 18:13:55,637 - WARNING -  * Debugger is active!
2025-04-08 18:13:55,637 - INFO -  * Debugger PIN: 142-372-511
2025-04-08 18:14:01,929 - ERROR - MySQL Error: Not all parameters were used in the SQL statement
2025-04-08 18:14:01,938 - ERROR - Error adding user to login table: 1048 (23000): Column 'MemberID' cannot be null
2025-04-08 18:14:01,939 - INFO - 127.0.0.1 - - [08/Apr/2025 18:14:01] "[35m[1mPOST /addUser HTTP/1.1[0m" 500 -
2025-04-08 18:14:52,982 - INFO -  * Detected change in 'C:\\Users\\raman\\Downloads\\dlp_project (1)\\module3-project\\AddUser.py', reloading
2025-04-08 18:14:53,014 - INFO -  * Restarting with stat
2025-04-08 18:14:53,294 - INFO - Connected to database: cs432cims
2025-04-08 18:14:53,305 - WARNING -  * Debugger is active!
2025-04-08 18:14:53,307 - INFO -  * Debugger PIN: 142-372-511
2025-04-08 18:16:43,866 - INFO -  * Detected change in 'C:\\Users\\raman\\Downloads\\dlp_project (1)\\module3-project\\AddUser.py', reloading
2025-04-08 18:16:43,901 - INFO -  * Restarting with stat
2025-04-08 18:16:44,230 - INFO - Connected to database: cs432cims
2025-04-08 18:16:44,237 - WARNING -  * Debugger is active!
2025-04-08 18:16:44,239 - INFO -  * Debugger PIN: 142-372-511
2025-04-08 18:16:51,881 - ERROR - Error adding user to login table: tuple index out of range
2025-04-08 18:16:51,882 - INFO - 127.0.0.1 - - [08/Apr/2025 18:16:51] "[35m[1mPOST /addUser HTTP/1.1[0m" 500 -
2025-04-08 18:17:08,373 - INFO -  * Detected change in 'C:\\Users\\raman\\Downloads\\dlp_project (1)\\module3-project\\AddUser.py', reloading
2025-04-08 18:17:08,406 - INFO -  * Restarting with stat
2025-04-08 18:17:08,720 - INFO - Connected to database: cs432cims
2025-04-08 18:17:08,729 - WARNING -  * Debugger is active!
2025-04-08 18:17:08,731 - INFO -  * Debugger PIN: 142-372-511
2025-04-08 18:17:10,505 - INFO - User temp39 added to login table
2025-04-08 18:17:10,506 - INFO - 127.0.0.1 - - [08/Apr/2025 18:17:10] "POST /addUser HTTP/1.1" 200 -
2025-04-08 18:17:18,101 - INFO - User temp40 added to login table
2025-04-08 18:17:18,101 - INFO - 127.0.0.1 - - [08/Apr/2025 18:17:18] "POST /addUser HTTP/1.1" 200 -
2025-04-08 18:17:26,152 - INFO - User temp41 added to login table
2025-04-08 18:17:26,153 - INFO - 127.0.0.1 - - [08/Apr/2025 18:17:26] "POST /addUser HTTP/1.1" 200 -
2025-04-08 18:17:27,537 - ERROR - Error adding user to login table: 1062 (23000): Duplicate entry '37' for key 'Login.PRIMARY'
2025-04-08 18:17:27,537 - INFO - 127.0.0.1 - - [08/Apr/2025 18:17:27] "[35m[1mPOST /addUser HTTP/1.1[0m" 500 -
2025-04-08 18:18:06,015 - INFO -  * Detected change in 'C:\\Users\\raman\\Downloads\\dlp_project (1)\\module3-project\\AddUser.py', reloading
2025-04-08 18:18:06,033 - INFO -  * Restarting with stat
2025-04-08 18:18:06,342 - INFO - Connected to database: cs432cims
2025-04-08 18:18:06,349 - WARNING -  * Debugger is active!
2025-04-08 18:18:06,351 - INFO -  * Debugger PIN: 142-372-511
2025-04-08 18:18:18,426 - INFO -  * Detected change in 'C:\\Users\\raman\\Downloads\\dlp_project (1)\\module3-project\\AddUser.py', reloading
2025-04-08 18:18:18,462 - INFO -  * Restarting with stat
2025-04-08 18:18:18,752 - INFO - Connected to database: cs432cims
2025-04-08 18:18:18,752 - WARNING -  * Debugger is active!
2025-04-08 18:18:18,752 - INFO -  * Debugger PIN: 142-372-511
2025-04-08 18:27:09,733 - INFO -  * Detected change in 'C:\\Users\\raman\\Downloads\\dlp_project (1)\\module3-project\\main.py', reloading
2025-04-08 18:27:09,772 - INFO -  * Restarting with stat
2025-04-08 18:27:10,372 - INFO - Connected to database: cs432cims
2025-04-08 18:27:10,381 - WARNING -  * Debugger is active!
2025-04-08 18:27:10,383 - INFO -  * Debugger PIN: 142-372-511
2025-04-08 18:27:21,418 - INFO - 127.0.0.1 - - [08/Apr/2025 18:27:21] "[31m[1mPOST /addUser HTTP/1.1[0m" 401 -
2025-04-08 18:35:05,303 - INFO - 127.0.0.1 - - [08/Apr/2025 18:35:05] "[35m[1mPOST /login HTTP/1.1[0m" 500 -
2025-04-08 18:35:59,181 - INFO -  * Detected change in 'C:\\Users\\raman\\Downloads\\dlp_project (1)\\module3-project\\main.py', reloading
2025-04-08 18:35:59,205 - INFO -  * Restarting with stat
2025-04-08 18:35:59,822 - INFO - Connected to database: cs432cims
2025-04-08 18:35:59,838 - WARNING -  * Debugger is active!
2025-04-08 18:35:59,838 - INFO -  * Debugger PIN: 142-372-511
2025-04-08 18:36:00,861 - INFO - 127.0.0.1 - - [08/Apr/2025 18:36:00] "[35m[1mPOST /login HTTP/1.1[0m" 500 -
2025-04-08 18:36:23,976 - INFO -  * Detected change in 'C:\\Users\\raman\\Downloads\\dlp_project (1)\\module3-project\\Login.py', reloading
2025-04-08 18:36:24,017 - INFO -  * Restarting with stat
2025-04-08 18:36:24,537 - INFO - Connected to database: cs432cims
2025-04-08 18:36:24,554 - WARNING -  * Debugger is active!
2025-04-08 18:36:24,554 - INFO -  * Debugger PIN: 142-372-511
2025-04-08 18:36:27,002 - INFO - 127.0.0.1 - - [08/Apr/2025 18:36:27] "[35m[1mPOST /login HTTP/1.1[0m" 500 -
2025-04-08 18:40:01,640 - INFO - 127.0.0.1 - - [08/Apr/2025 18:40:01] "[35m[1mPOST /login HTTP/1.1[0m" 500 -
2025-04-08 18:40:23,790 - INFO - Connected to database: cs432cims
2025-04-08 18:40:23,812 - INFO - [31m[1mWARNING: This is a development server. Do not use it in a production deployment. Use a production WSGI server instead.[0m
 * Running on http://127.0.0.1:5000
2025-04-08 18:40:23,812 - INFO - [33mPress CTRL+C to quit[0m
2025-04-08 18:40:23,812 - INFO -  * Restarting with stat
2025-04-08 18:40:24,354 - INFO - Connected to database: cs432cims
2025-04-08 18:40:24,362 - WARNING -  * Debugger is active!
2025-04-08 18:40:24,364 - INFO -  * Debugger PIN: 142-372-511
2025-04-08 18:40:26,777 - INFO - 127.0.0.1 - - [08/Apr/2025 18:40:26] "[35m[1mPOST /login HTTP/1.1[0m" 500 -
2025-04-08 18:44:29,671 - INFO -  * Detected change in 'C:\\Users\\raman\\Downloads\\dlp_project (1)\\module3-project\\main.py', reloading
2025-04-08 18:44:29,718 - INFO -  * Restarting with stat
2025-04-08 18:44:30,263 - INFO - Connected to database: cs432cims
2025-04-08 18:44:30,281 - WARNING -  * Debugger is active!
2025-04-08 18:44:30,288 - INFO -  * Debugger PIN: 142-372-511
2025-04-08 18:44:32,785 - ERROR - MySQL Error: 2055: Cursor is not connected
2025-04-08 18:44:32,790 - INFO - 127.0.0.1 - - [08/Apr/2025 18:44:32] "[35m[1mPOST /login HTTP/1.1[0m" 500 -
2025-04-08 18:44:55,813 - INFO - Connected to database: cs432cims
2025-04-08 18:44:55,839 - INFO - [31m[1mWARNING: This is a development server. Do not use it in a production deployment. Use a production WSGI server instead.[0m
 * Running on http://127.0.0.1:5000
2025-04-08 18:44:55,839 - INFO - [33mPress CTRL+C to quit[0m
2025-04-08 18:44:55,839 - INFO -  * Restarting with stat
2025-04-08 18:44:56,412 - INFO - Connected to database: cs432cims
2025-04-08 18:44:56,412 - WARNING -  * Debugger is active!
2025-04-08 18:44:56,412 - INFO -  * Debugger PIN: 142-372-511
2025-04-08 18:44:58,758 - ERROR - MySQL Error: 2055: Cursor is not connected
2025-04-08 18:44:58,758 - INFO - 127.0.0.1 - - [08/Apr/2025 18:44:58] "[35m[1mPOST /login HTTP/1.1[0m" 500 -
2025-04-08 18:46:33,956 - INFO -  * Detected change in 'C:\\Users\\raman\\Downloads\\dlp_project (1)\\module3-project\\main.py', reloading
2025-04-08 18:46:33,991 - INFO -  * Restarting with stat
2025-04-08 18:46:34,539 - INFO - Connected to database: cs432cims
2025-04-08 18:46:34,549 - WARNING -  * Debugger is active!
2025-04-08 18:46:34,551 - INFO -  * Debugger PIN: 142-372-511
2025-04-08 18:46:36,951 - ERROR - MySQL Error: 2055: Cursor is not connected
2025-04-08 18:46:36,955 - INFO - 127.0.0.1 - - [08/Apr/2025 18:46:36] "[35m[1mPOST /login HTTP/1.1[0m" 500 -
2025-04-08 18:46:57,678 - INFO -  * Detected change in 'C:\\Users\\raman\\Downloads\\dlp_project (1)\\module3-project\\main.py', reloading
2025-04-08 18:46:57,719 - INFO -  * Restarting with stat
2025-04-08 18:46:58,277 - INFO - Connected to database: cs432cims
2025-04-08 18:46:58,294 - WARNING -  * Debugger is active!
2025-04-08 18:46:58,294 - INFO -  * Debugger PIN: 142-372-511
2025-04-08 18:47:20,421 - INFO -  * Detected change in 'C:\\Users\\raman\\Downloads\\dlp_project (1)\\module3-project\\Login.py', reloading
2025-04-08 18:47:20,455 - INFO -  * Restarting with stat
2025-04-08 18:47:21,010 - INFO - Connected to database: cs432cims
2025-04-08 18:47:21,027 - WARNING -  * Debugger is active!
2025-04-08 18:47:21,027 - INFO -  * Debugger PIN: 142-372-511
2025-04-08 18:47:23,338 - ERROR - MySQL Error: 2055: Cursor is not connected
2025-04-08 18:47:23,354 - INFO - 127.0.0.1 - - [08/Apr/2025 18:47:23] "[35m[1mPOST /login HTTP/1.1[0m" 500 -
2025-04-08 18:47:33,640 - ERROR - MySQL Error: 2055: Cursor is not connected
2025-04-08 18:47:33,642 - INFO - 127.0.0.1 - - [08/Apr/2025 18:47:33] "[35m[1mPOST /login HTTP/1.1[0m" 500 -
2025-04-08 18:47:39,134 - INFO -  * Detected change in 'C:\\Users\\raman\\Downloads\\dlp_project (1)\\module3-project\\Login.py', reloading
2025-04-08 18:47:39,169 - INFO -  * Restarting with stat
2025-04-08 18:47:39,693 - INFO - Connected to database: cs432cims
2025-04-08 18:47:39,711 - WARNING -  * Debugger is active!
2025-04-08 18:47:39,711 - INFO -  * Debugger PIN: 142-372-511
2025-04-08 18:47:42,452 - INFO - 127.0.0.1 - - [08/Apr/2025 18:47:42] "[35m[1mPOST /login HTTP/1.1[0m" 500 -
2025-04-08 18:48:09,880 - INFO -  * Detected change in 'C:\\Users\\raman\\Downloads\\dlp_project (1)\\module3-project\\Login.py', reloading
2025-04-08 18:48:09,925 - INFO -  * Restarting with stat
2025-04-08 18:48:10,493 - INFO - Connected to database: cs432cims
2025-04-08 18:48:10,503 - WARNING -  * Debugger is active!
2025-04-08 18:48:10,505 - INFO -  * Debugger PIN: 142-372-511
2025-04-08 18:48:14,531 - INFO -  * Detected change in 'C:\\Users\\raman\\Downloads\\dlp_project (1)\\module3-project\\Login.py', reloading
2025-04-08 18:48:14,568 - INFO -  * Restarting with stat
2025-04-08 18:48:15,109 - INFO - Connected to database: cs432cims
2025-04-08 18:48:15,117 - WARNING -  * Debugger is active!
2025-04-08 18:48:15,119 - INFO -  * Debugger PIN: 142-372-511
2025-04-08 18:48:18,136 - INFO -  * Detected change in 'C:\\Users\\raman\\Downloads\\dlp_project (1)\\module3-project\\Login.py', reloading
2025-04-08 18:48:18,187 - INFO -  * Restarting with stat
2025-04-08 18:48:18,775 - INFO - Connected to database: cs432cims
2025-04-08 18:48:18,792 - WARNING -  * Debugger is active!
2025-04-08 18:48:18,792 - INFO -  * Debugger PIN: 142-372-511
2025-04-08 18:48:20,311 - ERROR - MySQL Error: 2055: Cursor is not connected
2025-04-08 18:48:20,311 - INFO - 127.0.0.1 - - [08/Apr/2025 18:48:20] "[35m[1mPOST /login HTTP/1.1[0m" 500 -
2025-04-08 18:49:16,128 - INFO -  * Detected change in 'C:\\Users\\raman\\Downloads\\dlp_project (1)\\module3-project\\main.py', reloading
2025-04-08 18:49:16,169 - INFO -  * Restarting with stat
2025-04-08 18:49:16,769 - INFO - Connected to database: cs432cims
2025-04-08 18:49:16,778 - WARNING -  * Debugger is active!
2025-04-08 18:49:16,780 - INFO -  * Debugger PIN: 142-372-511
2025-04-08 18:49:18,896 - INFO - 127.0.0.1 - - [08/Apr/2025 18:49:18] "[35m[1mPOST /login HTTP/1.1[0m" 500 -
2025-04-08 18:50:08,032 - INFO -  * Detected change in 'C:\\Users\\raman\\Downloads\\dlp_project (1)\\module3-project\\Login.py', reloading
2025-04-08 18:50:08,074 - INFO -  * Restarting with stat
2025-04-08 18:50:08,657 - INFO - Connected to database: cs432cims
2025-04-08 18:50:08,657 - WARNING -  * Debugger is active!
2025-04-08 18:50:08,657 - INFO -  * Debugger PIN: 142-372-511
2025-04-08 18:50:09,859 - INFO - 127.0.0.1 - - [08/Apr/2025 18:50:09] "[35m[1mPOST /login HTTP/1.1[0m" 500 -
2025-04-08 18:50:44,868 - INFO -  * Detected change in 'C:\\Users\\raman\\Downloads\\dlp_project (1)\\module3-project\\main.py', reloading
2025-04-08 18:50:44,910 - INFO -  * Restarting with stat
2025-04-08 18:50:45,473 - INFO - Connected to database: cs432cims
2025-04-08 18:50:45,473 - WARNING -  * Debugger is active!
2025-04-08 18:50:45,473 - INFO -  * Debugger PIN: 142-372-511
2025-04-08 18:50:47,240 - INFO - 127.0.0.1 - - [08/Apr/2025 18:50:47] "[35m[1mPOST /login HTTP/1.1[0m" 500 -
2025-04-08 18:51:13,634 - INFO -  * Detected change in 'C:\\Users\\raman\\Downloads\\dlp_project (1)\\module3-project\\main.py', reloading
2025-04-08 18:51:13,677 - INFO -  * Restarting with stat
2025-04-08 18:51:14,252 - INFO - Connected to database: cs432cims
2025-04-08 18:51:14,256 - WARNING -  * Debugger is active!
2025-04-08 18:51:14,256 - INFO -  * Debugger PIN: 142-372-511
2025-04-08 18:51:15,574 - ERROR - MySQL Error: 2055: Cursor is not connected
2025-04-08 18:51:15,574 - INFO - 127.0.0.1 - - [08/Apr/2025 18:51:15] "POST /login HTTP/1.1" 200 -
2025-04-08 18:51:36,388 - INFO -  * Detected change in 'C:\\Users\\raman\\Downloads\\dlp_project (1)\\module3-project\\main.py', reloading
2025-04-08 18:51:36,425 - INFO -  * Restarting with stat
2025-04-08 18:51:36,999 - INFO - Connected to database: cs432cims
2025-04-08 18:51:37,008 - WARNING -  * Debugger is active!
2025-04-08 18:51:37,010 - INFO -  * Debugger PIN: 142-372-511
2025-04-08 18:51:38,887 - ERROR - MySQL Error: 2055: Cursor is not connected
2025-04-08 18:51:38,887 - INFO - 127.0.0.1 - - [08/Apr/2025 18:51:38] "[35m[1mPOST /login HTTP/1.1[0m" 500 -
2025-04-08 18:52:38,338 - INFO -  * Detected change in 'C:\\Users\\raman\\Downloads\\dlp_project (1)\\module3-project\\Login.py', reloading
2025-04-08 18:52:38,374 - INFO -  * Restarting with stat
2025-04-08 18:52:38,922 - INFO - Connected to database: cs432cims
2025-04-08 18:52:38,922 - WARNING -  * Debugger is active!
2025-04-08 18:52:38,922 - INFO -  * Debugger PIN: 142-372-511
2025-04-08 18:52:41,569 - ERROR - MySQL Error: 1265 (01000): Data truncated for column 'Expiry' at row 17
2025-04-08 18:52:41,569 - INFO - 127.0.0.1 - - [08/Apr/2025 18:52:41] "[35m[1mPOST /login HTTP/1.1[0m" 500 -
2025-04-08 18:54:29,761 - ERROR - MySQL Error: 1265 (01000): Data truncated for column 'Expiry' at row 17
2025-04-08 18:54:29,763 - INFO - 127.0.0.1 - - [08/Apr/2025 18:54:29] "[35m[1mPOST /login HTTP/1.1[0m" 500 -
2025-04-08 18:54:39,792 - ERROR - MySQL Error: 1265 (01000): Data truncated for column 'Expiry' at row 17
2025-04-08 18:54:39,802 - INFO - 127.0.0.1 - - [08/Apr/2025 18:54:39] "[35m[1mPOST /login HTTP/1.1[0m" 500 -
2025-04-08 18:54:45,616 - ERROR - MySQL Error: 1265 (01000): Data truncated for column 'Expiry' at row 17
2025-04-08 18:54:45,619 - INFO - 127.0.0.1 - - [08/Apr/2025 18:54:45] "[35m[1mPOST /login HTTP/1.1[0m" 500 -
2025-04-08 18:55:24,927 - INFO -  * Detected change in 'C:\\Users\\raman\\Downloads\\dlp_project (1)\\module3-project\\Login.py', reloading
2025-04-08 18:55:24,959 - INFO -  * Restarting with stat
2025-04-08 18:55:25,506 - INFO - Connected to database: cs432cims
2025-04-08 18:55:25,515 - WARNING -  * Debugger is active!
2025-04-08 18:55:25,517 - INFO -  * Debugger PIN: 142-372-511
2025-04-08 18:55:49,636 - INFO -  * Detected change in 'C:\\Users\\raman\\Downloads\\dlp_project (1)\\module3-project\\Login.py', reloading
2025-04-08 18:55:49,687 - INFO -  * Restarting with stat
2025-04-08 18:55:50,266 - INFO - Connected to database: cs432cims
2025-04-08 18:55:50,276 - WARNING -  * Debugger is active!
2025-04-08 18:55:50,278 - INFO -  * Debugger PIN: 142-372-511
2025-04-08 18:55:51,873 - INFO - 127.0.0.1 - - [08/Apr/2025 18:55:51] "[35m[1mPOST /login HTTP/1.1[0m" 500 -
2025-04-08 18:59:10,375 - INFO -  * Detected change in 'C:\\Users\\raman\\Downloads\\dlp_project (1)\\module3-project\\Login.py', reloading
2025-04-08 18:59:10,415 - INFO -  * Restarting with stat
2025-04-08 18:59:11,015 - INFO - Connected to database: cs432cims
2025-04-08 18:59:11,032 - WARNING -  * Debugger is active!
2025-04-08 18:59:11,032 - INFO -  * Debugger PIN: 142-372-511
2025-04-08 18:59:13,755 - ERROR - MySQL Error: 1292 (22007): Truncated incorrect DOUBLE value: 'john_doe2'
2025-04-08 18:59:13,763 - INFO - 127.0.0.1 - - [08/Apr/2025 18:59:13] "[35m[1mPOST /login HTTP/1.1[0m" 500 -
2025-04-08 18:59:42,216 - INFO -  * Detected change in 'C:\\Users\\raman\\Downloads\\dlp_project (1)\\module3-project\\main.py', reloading
2025-04-08 18:59:42,248 - INFO -  * Restarting with stat
2025-04-08 18:59:42,831 - INFO - Connected to database: cs432cims
2025-04-08 18:59:42,847 - WARNING -  * Debugger is active!
2025-04-08 18:59:42,847 - INFO -  * Debugger PIN: 142-372-511
2025-04-08 18:59:45,047 - ERROR - MySQL Error: 1292 (22007): Truncated incorrect DOUBLE value: 'john_doe2'
2025-04-08 18:59:45,114 - ERROR - MySQL Error: 1292 (22007): Truncated incorrect DOUBLE value: 'john_doe2'
2025-04-08 18:59:45,114 - INFO - 127.0.0.1 - - [08/Apr/2025 18:59:45] "[35m[1mPOST /login HTTP/1.1[0m" 500 -
2025-04-08 19:00:18,035 - INFO -  * Detected change in 'C:\\Users\\raman\\Downloads\\dlp_project (1)\\module3-project\\Login.py', reloading
2025-04-08 19:00:18,070 - INFO -  * Restarting with stat
2025-04-08 19:00:18,665 - INFO - Connected to database: cs432cims
2025-04-08 19:00:18,665 - WARNING -  * Debugger is active!
2025-04-08 19:00:18,665 - INFO -  * Debugger PIN: 142-372-511
2025-04-08 19:00:20,794 - ERROR - MySQL Error: 1292 (22007): Truncated incorrect DOUBLE value: 'john_doe2'
2025-04-08 19:00:20,847 - ERROR - MySQL Error: 1292 (22007): Truncated incorrect DOUBLE value: 'john_doe2'
2025-04-08 19:00:20,847 - INFO - 127.0.0.1 - - [08/Apr/2025 19:00:20] "[35m[1mPOST /login HTTP/1.1[0m" 500 -
2025-04-08 19:01:38,074 - INFO -  * Detected change in 'C:\\Users\\raman\\Downloads\\dlp_project (1)\\module3-project\\Login.py', reloading
2025-04-08 19:01:38,113 - INFO -  * Restarting with stat
2025-04-08 19:01:38,713 - INFO - Connected to database: cs432cims
2025-04-08 19:01:38,714 - WARNING -  * Debugger is active!
2025-04-08 19:01:38,714 - INFO -  * Debugger PIN: 142-372-511
2025-04-08 19:01:42,631 - ERROR - MySQL Error: 1292 (22007): Truncated incorrect DOUBLE value: 'john_doe2'
2025-04-08 19:01:42,679 - ERROR - MySQL Error: 1292 (22007): Truncated incorrect DOUBLE value: 'john_doe2'
2025-04-08 19:01:42,679 - INFO - 127.0.0.1 - - [08/Apr/2025 19:01:42] "[35m[1mPOST /login HTTP/1.1[0m" 500 -
2025-04-08 19:02:31,843 - INFO - Member temp4 does not exist
2025-04-08 19:02:31,877 - INFO - Member temp4 does not exist
2025-04-08 19:02:31,880 - INFO - 127.0.0.1 - - [08/Apr/2025 19:02:31] "[35m[1mPOST /login HTTP/1.1[0m" 500 -
2025-04-08 19:03:18,045 - INFO - 127.0.0.1 - - [08/Apr/2025 19:03:18] "[35m[1mPOST /login HTTP/1.1[0m" 500 -
2025-04-08 19:04:20,392 - INFO - 127.0.0.1 - - [08/Apr/2025 19:04:20] "[35m[1mPOST /login HTTP/1.1[0m" 500 -
2025-04-08 19:04:51,893 - INFO -  * Detected change in 'C:\\Users\\raman\\Downloads\\dlp_project (1)\\module3-project\\Login.py', reloading
2025-04-08 19:04:51,932 - INFO -  * Restarting with stat
2025-04-08 19:04:52,511 - INFO - Connected to database: cs432cims
2025-04-08 19:04:52,520 - WARNING -  * Debugger is active!
2025-04-08 19:04:52,522 - INFO -  * Debugger PIN: 142-372-511
2025-04-08 19:05:12,555 - INFO - 127.0.0.1 - - [08/Apr/2025 19:05:12] "[35m[1mPOST /login HTTP/1.1[0m" 500 -
2025-04-08 19:06:18,992 - INFO -  * Detected change in 'C:\\Users\\raman\\Downloads\\dlp_project (1)\\module3-project\\main.py', reloading
2025-04-08 19:06:19,040 - INFO -  * Restarting with stat
2025-04-08 19:06:19,591 - INFO - Connected to database: cs432cims
2025-04-08 19:06:19,607 - WARNING -  * Debugger is active!
2025-04-08 19:06:19,609 - INFO -  * Debugger PIN: 142-372-511
2025-04-08 19:06:22,176 - INFO - 127.0.0.1 - - [08/Apr/2025 19:06:22] "[35m[1mPOST /login HTTP/1.1[0m" 500 -
2025-04-08 19:07:03,844 - INFO -  * Detected change in 'C:\\Users\\raman\\Downloads\\dlp_project (1)\\module3-project\\Login.py', reloading
2025-04-08 19:07:03,882 - INFO -  * Restarting with stat
2025-04-08 19:07:04,461 - INFO - Connected to database: cs432cims
2025-04-08 19:07:04,470 - WARNING -  * Debugger is active!
2025-04-08 19:07:04,471 - INFO -  * Debugger PIN: 142-372-511
2025-04-08 19:07:15,529 - INFO -  * Detected change in 'C:\\Users\\raman\\Downloads\\dlp_project (1)\\module3-project\\main.py', reloading
2025-04-08 19:07:15,562 - INFO -  * Restarting with stat
2025-04-08 19:07:16,126 - INFO - Connected to database: cs432cims
2025-04-08 19:07:16,133 - WARNING -  * Debugger is active!
2025-04-08 19:07:16,135 - INFO -  * Debugger PIN: 142-372-511
2025-04-08 19:07:17,777 - INFO - 127.0.0.1 - - [08/Apr/2025 19:07:17] "[35m[1mPOST /login HTTP/1.1[0m" 500 -
2025-04-08 19:07:27,192 - INFO -  * Detected change in 'C:\\Users\\raman\\Downloads\\dlp_project (1)\\module3-project\\main.py', reloading
2025-04-08 19:07:27,231 - INFO -  * Restarting with stat
2025-04-08 19:07:27,822 - INFO - Connected to database: cs432cims
2025-04-08 19:07:27,832 - WARNING -  * Debugger is active!
2025-04-08 19:07:27,833 - INFO -  * Debugger PIN: 142-372-511
2025-04-08 19:07:30,195 - INFO - 127.0.0.1 - - [08/Apr/2025 19:07:30] "[35m[1mPOST /login HTTP/1.1[0m" 500 -
2025-04-08 19:08:50,259 - INFO -  * Detected change in 'C:\\Users\\raman\\Downloads\\dlp_project (1)\\module3-project\\Login.py', reloading
2025-04-08 19:08:50,295 - INFO -  * Restarting with stat
2025-04-08 19:08:50,845 - INFO - Connected to database: cs432cims
2025-04-08 19:08:50,853 - WARNING -  * Debugger is active!
2025-04-08 19:08:50,855 - INFO -  * Debugger PIN: 142-372-511
2025-04-08 19:08:55,521 - INFO - 127.0.0.1 - - [08/Apr/2025 19:08:55] "[35m[1mPOST /login HTTP/1.1[0m" 500 -
2025-04-08 19:09:05,936 - INFO -  * Detected change in 'C:\\Users\\raman\\Downloads\\dlp_project (1)\\module3-project\\Login.py', reloading
2025-04-08 19:09:05,971 - INFO -  * Restarting with stat
2025-04-08 19:09:06,671 - INFO - Connected to database: cs432cims
2025-04-08 19:09:06,671 - WARNING -  * Debugger is active!
2025-04-08 19:09:06,686 - INFO -  * Debugger PIN: 142-372-511
2025-04-08 19:09:08,748 - INFO - 127.0.0.1 - - [08/Apr/2025 19:09:08] "[35m[1mPOST /login HTTP/1.1[0m" 500 -
2025-04-08 19:09:36,851 - INFO -  * Detected change in 'C:\\Users\\raman\\Downloads\\dlp_project (1)\\module3-project\\Login.py', reloading
2025-04-08 19:09:36,884 - INFO -  * Restarting with stat
2025-04-08 19:09:37,441 - INFO - Connected to database: cs432cims
2025-04-08 19:09:37,452 - WARNING -  * Debugger is active!
2025-04-08 19:09:37,455 - INFO -  * Debugger PIN: 142-372-511
2025-04-08 19:09:49,288 - INFO - 127.0.0.1 - - [08/Apr/2025 19:09:49] "[35m[1mPOST /login HTTP/1.1[0m" 500 -
2025-04-08 19:10:24,991 - ERROR - MySQL Error: 1292 (22007): Truncated incorrect DOUBLE value: 'john_doe2'
2025-04-08 19:10:25,043 - INFO - 127.0.0.1 - - [08/Apr/2025 19:10:25] "[35m[1mPOST /login HTTP/1.1[0m" 500 -
2025-04-08 19:10:52,924 - INFO -  * Detected change in 'C:\\Users\\raman\\Downloads\\dlp_project (1)\\module3-project\\Login.py', reloading
2025-04-08 19:10:52,952 - INFO -  * Restarting with stat
2025-04-08 19:10:53,521 - INFO - Connected to database: cs432cims
2025-04-08 19:10:53,529 - WARNING -  * Debugger is active!
2025-04-08 19:10:53,531 - INFO -  * Debugger PIN: 142-372-511
2025-04-08 19:11:01,582 - INFO -  * Detected change in 'C:\\Users\\raman\\Downloads\\dlp_project (1)\\module3-project\\Login.py', reloading
2025-04-08 19:11:01,680 - INFO -  * Restarting with stat
2025-04-08 19:11:02,256 - INFO - Connected to database: cs432cims
2025-04-08 19:11:02,270 - WARNING -  * Debugger is active!
2025-04-08 19:11:02,270 - INFO -  * Debugger PIN: 142-372-511
2025-04-08 19:11:05,444 - ERROR - MySQL Error: 1292 (22007): Truncated incorrect DOUBLE value: 'john_doe2'
2025-04-08 19:11:05,491 - INFO - 127.0.0.1 - - [08/Apr/2025 19:11:05] "[35m[1mPOST /login HTTP/1.1[0m" 500 -
2025-04-08 19:11:34,462 - INFO -  * Detected change in 'C:\\Users\\raman\\Downloads\\dlp_project (1)\\module3-project\\Login.py', reloading
2025-04-08 19:11:34,504 - INFO -  * Restarting with stat
2025-04-08 19:11:35,070 - INFO - Connected to database: cs432cims
2025-04-08 19:11:35,079 - WARNING -  * Debugger is active!
2025-04-08 19:11:35,080 - INFO -  * Debugger PIN: 142-372-511
2025-04-08 19:11:37,408 - ERROR - MySQL Error: 1292 (22007): Truncated incorrect DOUBLE value: 'john_doe2'
2025-04-08 19:11:37,443 - INFO - 127.0.0.1 - - [08/Apr/2025 19:11:37] "[35m[1mPOST /login HTTP/1.1[0m" 500 -
2025-04-08 19:12:43,295 - INFO - Member temp44 does not exist
2025-04-08 19:12:43,323 - INFO - Member temp44 does not exist
2025-04-08 19:12:43,325 - INFO - 127.0.0.1 - - [08/Apr/2025 19:12:43] "[35m[1mPOST /login HTTP/1.1[0m" 500 -
2025-04-08 19:13:16,630 - INFO -  * Detected change in 'C:\\Users\\raman\\Downloads\\dlp_project (1)\\module3-project\\main.py', reloading
2025-04-08 19:13:16,666 - INFO -  * Restarting with stat
2025-04-08 19:13:17,209 - INFO - Connected to database: cs432cims
2025-04-08 19:13:17,209 - WARNING -  * Debugger is active!
2025-04-08 19:13:17,226 - INFO -  * Debugger PIN: 142-372-511
2025-04-08 19:13:26,276 - INFO -  * Detected change in 'C:\\Users\\raman\\Downloads\\dlp_project (1)\\module3-project\\main.py', reloading
2025-04-08 19:13:26,317 - INFO -  * Restarting with stat
2025-04-08 19:13:26,884 - INFO - Connected to database: cs432cims
2025-04-08 19:13:26,884 - WARNING -  * Debugger is active!
2025-04-08 19:13:26,901 - INFO -  * Debugger PIN: 142-372-511
2025-04-08 19:13:29,025 - INFO - Member temp44 does not exist
2025-04-08 19:13:29,025 - INFO - 127.0.0.1 - - [08/Apr/2025 19:13:29] "[35m[1mPOST /login HTTP/1.1[0m" 500 -
2025-04-08 19:13:50,321 - INFO - Connected to database: cs432cims
2025-04-08 19:13:50,335 - INFO - [31m[1mWARNING: This is a development server. Do not use it in a production deployment. Use a production WSGI server instead.[0m
 * Running on http://127.0.0.1:5000
2025-04-08 19:13:50,336 - INFO - [33mPress CTRL+C to quit[0m
2025-04-08 19:13:50,336 - INFO -  * Restarting with stat
2025-04-08 19:13:50,932 - INFO - Connected to database: cs432cims
2025-04-08 19:13:50,942 - WARNING -  * Debugger is active!
2025-04-08 19:13:50,944 - INFO -  * Debugger PIN: 142-372-511
2025-04-08 19:13:52,604 - INFO - Member temp44 does not exist
2025-04-08 19:13:52,606 - INFO - 127.0.0.1 - - [08/Apr/2025 19:13:52] "[35m[1mPOST /login HTTP/1.1[0m" 500 -
2025-04-08 19:14:28,137 - INFO -  * Detected change in 'C:\\Users\\raman\\Downloads\\dlp_project (1)\\module3-project\\Login.py', reloading
2025-04-08 19:14:28,176 - INFO -  * Restarting with stat
2025-04-08 19:14:28,807 - INFO - Connected to database: cs432cims
2025-04-08 19:14:28,818 - WARNING -  * Debugger is active!
2025-04-08 19:14:28,820 - INFO -  * Debugger PIN: 142-372-511
2025-04-08 19:14:30,076 - INFO - Member temp44 does not exist
2025-04-08 19:14:30,079 - INFO - 127.0.0.1 - - [08/Apr/2025 19:14:30] "[35m[1mPOST /login HTTP/1.1[0m" 500 -
2025-04-08 19:15:21,073 - INFO -  * Detected change in 'C:\\Users\\raman\\Downloads\\dlp_project (1)\\module3-project\\Login.py', reloading
2025-04-08 19:15:21,116 - INFO -  * Restarting with stat
2025-04-08 19:15:21,698 - INFO - Connected to database: cs432cims
2025-04-08 19:15:21,698 - WARNING -  * Debugger is active!
2025-04-08 19:15:21,698 - INFO -  * Debugger PIN: 142-372-511
2025-04-08 19:15:23,742 - INFO - Member temp44 does not exist
2025-04-08 19:15:23,746 - INFO - 127.0.0.1 - - [08/Apr/2025 19:15:23] "[35m[1mPOST /login HTTP/1.1[0m" 500 -
2025-04-08 19:15:30,796 - INFO - Member temp44 does not exist
2025-04-08 19:15:30,798 - INFO - 127.0.0.1 - - [08/Apr/2025 19:15:30] "[35m[1mPOST /login HTTP/1.1[0m" 500 -
2025-04-08 19:15:39,298 - INFO - Connected to database: cs432cims
2025-04-08 19:15:39,313 - INFO - [31m[1mWARNING: This is a development server. Do not use it in a production deployment. Use a production WSGI server instead.[0m
 * Running on http://127.0.0.1:5000
2025-04-08 19:15:39,313 - INFO - [33mPress CTRL+C to quit[0m
2025-04-08 19:15:39,314 - INFO -  * Restarting with stat
2025-04-08 19:15:39,884 - INFO - Connected to database: cs432cims
2025-04-08 19:15:39,892 - WARNING -  * Debugger is active!
2025-04-08 19:15:39,894 - INFO -  * Debugger PIN: 142-372-511
2025-04-08 19:15:41,836 - INFO - Member temp44 does not exist
2025-04-08 19:15:41,838 - INFO - 127.0.0.1 - - [08/Apr/2025 19:15:41] "[35m[1mPOST /login HTTP/1.1[0m" 500 -
2025-04-08 19:42:07,258 - INFO -  * Detected change in 'C:\\Users\\raman\\Downloads\\dlp_project (1)\\module3-project\\UpdateImage.py', reloading
2025-04-08 19:42:07,304 - INFO -  * Restarting with stat
2025-04-08 19:42:07,943 - INFO - Connected to database: cs432cims
2025-04-08 19:42:07,954 - WARNING -  * Debugger is active!
2025-04-08 19:42:07,956 - INFO -  * Debugger PIN: 142-372-511
2025-04-08 19:43:56,541 - INFO -  * Detected change in 'C:\\Users\\raman\\Downloads\\dlp_project (1)\\module3-project\\UpdateImage.py', reloading
2025-04-08 19:43:56,580 - INFO -  * Restarting with stat
2025-04-08 19:43:57,131 - INFO - Connected to database: cs432cims
2025-04-08 19:43:57,140 - WARNING -  * Debugger is active!
2025-04-08 19:43:57,142 - INFO -  * Debugger PIN: 142-372-511
2025-04-08 19:45:21,938 - INFO - 127.0.0.1 - - [08/Apr/2025 19:45:21] "[33mPOST /updateImage HTTP/1.1[0m" 404 -
2025-04-08 19:46:18,861 - INFO -  * Detected change in 'C:\\Users\\raman\\Downloads\\dlp_project (1)\\module3-project\\main.py', reloading
2025-04-08 19:46:18,894 - INFO -  * Restarting with stat
2025-04-08 19:46:19,476 - INFO - Connected to database: cs432cims
2025-04-08 19:46:19,493 - WARNING -  * Debugger is active!
2025-04-08 19:46:19,493 - INFO -  * Debugger PIN: 142-372-511
2025-04-08 19:46:22,470 - INFO - 127.0.0.1 - - [08/Apr/2025 19:46:22] "[35m[1mPOST /updateImage HTTP/1.1[0m" 500 -
2025-04-08 19:46:52,678 - INFO -  * Detected change in 'C:\\Users\\raman\\Downloads\\dlp_project (1)\\module3-project\\UpdateImage.py', reloading
2025-04-08 19:46:52,727 - INFO -  * Restarting with stat
2025-04-08 19:46:53,341 - INFO - Connected to database: cs432cims
2025-04-08 19:46:53,349 - WARNING -  * Debugger is active!
2025-04-08 19:46:53,351 - INFO -  * Debugger PIN: 142-372-511
2025-04-08 19:46:55,227 - ERROR - Image upload failed: Python type psycopg2.extensions.Binary cannot be converted
2025-04-08 19:46:55,230 - INFO - 127.0.0.1 - - [08/Apr/2025 19:46:55] "[35m[1mPOST /updateImage HTTP/1.1[0m" 500 -
